<?xml version="1.0" encoding="UTF-8"?>
<testsuites>
  <testsuite name="" tests="66" assertions="192" errors="3" warnings="0" failures="15" skipped="0" time="9.652147">
    <testsuite name="Feature" tests="66" assertions="192" errors="3" warnings="0" failures="15" skipped="0" time="9.652147">
      <testsuite name="Tests\Feature\Controllers\AdminControllerTest" file="C:\xampp\htdocs\CreacipeApp\tests\Feature\Controllers\AdminControllerTest.php" tests="6" assertions="21" errors="2" warnings="0" failures="1" skipped="0" time="0.787561">
        <testcase name="it_can_display_editors_list" class="Tests\Feature\Controllers\AdminControllerTest" classname="Tests.Feature.Controllers.AdminControllerTest" file="C:\xampp\htdocs\CreacipeApp\tests\Feature\Controllers\AdminControllerTest.php" line="43" assertions="3" time="0.295538"/>
        <testcase name="it_can_store_a_new_editor" class="Tests\Feature\Controllers\AdminControllerTest" classname="Tests.Feature.Controllers.AdminControllerTest" file="C:\xampp\htdocs\CreacipeApp\tests\Feature\Controllers\AdminControllerTest.php" line="58" assertions="5" time="0.099529"/>
        <testcase name="it_can_delete_an_editor" class="Tests\Feature\Controllers\AdminControllerTest" classname="Tests.Feature.Controllers.AdminControllerTest" file="C:\xampp\htdocs\CreacipeApp\tests\Feature\Controllers\AdminControllerTest.php" line="84" assertions="4" time="0.079351">
          <error type="Illuminate\Database\QueryException">Tests\Feature\Controllers\AdminControllerTest::it_can_delete_an_editor
Illuminate\Database\QueryException: SQLSTATE[42S22]: Column not found: 1054 Unknown column 'id' in 'where clause' (SQL: select count(*) as aggregate from `users` where (`id` = 1904))

C:\xampp\htdocs\CreacipeApp\vendor\laravel\framework\src\Illuminate\Database\Connection.php:760
C:\xampp\htdocs\CreacipeApp\vendor\laravel\framework\src\Illuminate\Database\Connection.php:720
C:\xampp\htdocs\CreacipeApp\vendor\laravel\framework\src\Illuminate\Database\Connection.php:422
C:\xampp\htdocs\CreacipeApp\vendor\laravel\framework\src\Illuminate\Database\Query\Builder.php:2706
C:\xampp\htdocs\CreacipeApp\vendor\laravel\framework\src\Illuminate\Database\Query\Builder.php:2694
C:\xampp\htdocs\CreacipeApp\vendor\laravel\framework\src\Illuminate\Database\Query\Builder.php:3230
C:\xampp\htdocs\CreacipeApp\vendor\laravel\framework\src\Illuminate\Database\Query\Builder.php:2695
C:\xampp\htdocs\CreacipeApp\vendor\laravel\framework\src\Illuminate\Database\Query\Builder.php:3157
C:\xampp\htdocs\CreacipeApp\vendor\laravel\framework\src\Illuminate\Database\Query\Builder.php:3085
C:\xampp\htdocs\CreacipeApp\vendor\laravel\framework\src\Illuminate\Testing\Constraints\HasInDatabase.php:54
C:\xampp\htdocs\CreacipeApp\vendor\laravel\framework\src\Illuminate\Foundation\Testing\Concerns\InteractsWithDatabase.php:50
C:\xampp\htdocs\CreacipeApp\tests\Feature\Controllers\AdminControllerTest.php:99</error>
        </testcase>
        <testcase name="it_can_toggle_an_editor_status" class="Tests\Feature\Controllers\AdminControllerTest" classname="Tests.Feature.Controllers.AdminControllerTest" file="C:\xampp\htdocs\CreacipeApp\tests\Feature\Controllers\AdminControllerTest.php" line="104" assertions="2" time="0.105267">
          <failure type="PHPUnit\Framework\ExpectationFailedException">Tests\Feature\Controllers\AdminControllerTest::it_can_toggle_an_editor_status
Failed asserting that two strings are equal.
--- Expected
+++ Actual
@@ @@
-'http://localhost/admin/editors'
+'http://localhost'

C:\xampp\htdocs\CreacipeApp\vendor\laravel\framework\src\Illuminate\Testing\TestResponse.php:292
C:\xampp\htdocs\CreacipeApp\vendor\laravel\framework\src\Illuminate\Testing\TestResponse.php:154
C:\xampp\htdocs\CreacipeApp\tests\Feature\Controllers\AdminControllerTest.php:115</failure>
        </testcase>
        <testcase name="it_can_display_members_list" class="Tests\Feature\Controllers\AdminControllerTest" classname="Tests.Feature.Controllers.AdminControllerTest" file="C:\xampp\htdocs\CreacipeApp\tests\Feature\Controllers\AdminControllerTest.php" line="124" assertions="3" time="0.120132"/>
        <testcase name="it_can_delete_a_member" class="Tests\Feature\Controllers\AdminControllerTest" classname="Tests.Feature.Controllers.AdminControllerTest" file="C:\xampp\htdocs\CreacipeApp\tests\Feature\Controllers\AdminControllerTest.php" line="139" assertions="4" time="0.087744">
          <error type="Illuminate\Database\QueryException">Tests\Feature\Controllers\AdminControllerTest::it_can_delete_a_member
Illuminate\Database\QueryException: SQLSTATE[42S22]: Column not found: 1054 Unknown column 'users' in 'where clause' (SQL: select count(*) as aggregate from `users` where (`users` = 1914))

C:\xampp\htdocs\CreacipeApp\vendor\laravel\framework\src\Illuminate\Database\Connection.php:760
C:\xampp\htdocs\CreacipeApp\vendor\laravel\framework\src\Illuminate\Database\Connection.php:720
C:\xampp\htdocs\CreacipeApp\vendor\laravel\framework\src\Illuminate\Database\Connection.php:422
C:\xampp\htdocs\CreacipeApp\vendor\laravel\framework\src\Illuminate\Database\Query\Builder.php:2706
C:\xampp\htdocs\CreacipeApp\vendor\laravel\framework\src\Illuminate\Database\Query\Builder.php:2694
C:\xampp\htdocs\CreacipeApp\vendor\laravel\framework\src\Illuminate\Database\Query\Builder.php:3230
C:\xampp\htdocs\CreacipeApp\vendor\laravel\framework\src\Illuminate\Database\Query\Builder.php:2695
C:\xampp\htdocs\CreacipeApp\vendor\laravel\framework\src\Illuminate\Database\Query\Builder.php:3157
C:\xampp\htdocs\CreacipeApp\vendor\laravel\framework\src\Illuminate\Database\Query\Builder.php:3085
C:\xampp\htdocs\CreacipeApp\vendor\laravel\framework\src\Illuminate\Testing\Constraints\HasInDatabase.php:54
C:\xampp\htdocs\CreacipeApp\vendor\laravel\framework\src\Illuminate\Foundation\Testing\Concerns\InteractsWithDatabase.php:50
C:\xampp\htdocs\CreacipeApp\tests\Feature\Controllers\AdminControllerTest.php:154</error>
        </testcase>
      </testsuite>
      <testsuite name="Tests\Feature\Controllers\EditorControllerTest" file="C:\xampp\htdocs\CreacipeApp\tests\Feature\Controllers\EditorControllerTest.php" tests="5" assertions="13" errors="0" warnings="0" failures="1" skipped="0" time="0.994901">
        <testcase name="it_can_display_recipes_list" class="Tests\Feature\Controllers\EditorControllerTest" classname="Tests.Feature.Controllers.EditorControllerTest" file="C:\xampp\htdocs\CreacipeApp\tests\Feature\Controllers\EditorControllerTest.php" line="25" assertions="1" time="0.653579">
          <failure type="PHPUnit\Framework\ExpectationFailedException">Tests\Feature\Controllers\EditorControllerTest::it_can_display_recipes_list
Expected response status code [200] but received 500.
  Failed asserting that 200 is identical to 500.
  
  
  
  The following exception occurred during the last request:
  
  ErrorException: foreach() argument must be of type array|object, null given in C:\xampp\htdocs\CreacipeApp\storage\framework\views\2265c3dc8a0e18ca14c684077942ce93252dca4a.php:26
  Stack trace:
  #0 C:\xampp\htdocs\CreacipeApp\vendor\laravel\framework\src\Illuminate\Foundation\Bootstrap\HandleExceptions.php(270): Illuminate\Foundation\Bootstrap\HandleExceptions-&gt;handleError(2, 'foreach() argum...', 'C:\\xampp\\htdocs...', 26)
  #1 C:\xampp\htdocs\CreacipeApp\storage\framework\views\2265c3dc8a0e18ca14c684077942ce93252dca4a.php(26): Illuminate\Foundation\Bootstrap\HandleExceptions-&gt;Illuminate\Foundation\Bootstrap\{closure}(2, 'foreach() argum...', 'C:\\xampp\\htdocs...', 26)
  #2 C:\xampp\htdocs\CreacipeApp\vendor\laravel\framework\src\Illuminate\Filesystem\Filesystem.php(109): require('C:\\xampp\\htdocs...')
  #3 C:\xampp\htdocs\CreacipeApp\vendor\laravel\framework\src\Illuminate\Filesystem\Filesystem.php(110): Illuminate\Filesystem\Filesystem::Illuminate\Filesystem\{closure}()
  #4 C:\xampp\htdocs\CreacipeApp\vendor\laravel\framework\src\Illuminate\View\Engines\PhpEngine.php(58): Illuminate\Filesystem\Filesystem-&gt;getRequire('C:\\xampp\\htdocs...', Array)
  #5 C:\xampp\htdocs\CreacipeApp\vendor\laravel\framework\src\Illuminate\View\Engines\CompilerEngine.php(70): Illuminate\View\Engines\PhpEngine-&gt;evaluatePath('C:\\xampp\\htdocs...', Array)
  #6 C:\xampp\htdocs\CreacipeApp\vendor\laravel\framework\src\Illuminate\View\View.php(195): Illuminate\View\Engines\CompilerEngine-&gt;get('C:\\xampp\\htdocs...', Array)
  #7 C:\xampp\htdocs\CreacipeApp\vendor\laravel\framework\src\Illuminate\View\View.php(178): Illuminate\View\View-&gt;getContents()
  #8 C:\xampp\htdocs\CreacipeApp\vendor\laravel\framework\src\Illuminate\View\View.php(147): Illuminate\View\View-&gt;renderContents()
  #9 C:\xampp\htdocs\CreacipeApp\storage\framework\views\aad005ae497d3a67751823561a3607355812ad10.php(41): Illuminate\View\View-&gt;render()
  #10 C:\xampp\htdocs\CreacipeApp\vendor\laravel\framework\src\Illuminate\Filesystem\Filesystem.php(109): require('C:\\xampp\\htdocs...')
  #11 C:\xampp\htdocs\CreacipeApp\vendor\laravel\framework\src\Illuminate\Filesystem\Filesystem.php(110): Illuminate\Filesystem\Filesystem::Illuminate\Filesystem\{closure}()
  #12 C:\xampp\htdocs\CreacipeApp\vendor\laravel\framework\src\Illuminate\View\Engines\PhpEngine.php(58): Illuminate\Filesystem\Filesystem-&gt;getRequire('C:\\xampp\\htdocs...', Array)
  #13 C:\xampp\htdocs\CreacipeApp\vendor\laravel\framework\src\Illuminate\View\Engines\CompilerEngine.php(70): Illuminate\View\Engines\PhpEngine-&gt;evaluatePath('C:\\xampp\\htdocs...', Array)
  #14 C:\xampp\htdocs\CreacipeApp\vendor\laravel\framework\src\Illuminate\View\View.php(195): Illuminate\View\Engines\CompilerEngine-&gt;get('C:\\xampp\\htdocs...', Array)
  #15 C:\xampp\htdocs\CreacipeApp\vendor\laravel\framework\src\Illuminate\View\View.php(178): Illuminate\View\View-&gt;getContents()
  #16 C:\xampp\htdocs\CreacipeApp\vendor\laravel\framework\src\Illuminate\View\View.php(147): Illuminate\View\View-&gt;renderContents()
  #17 C:\xampp\htdocs\CreacipeApp\storage\framework\views\fa805902a8d3228d41c6fff93a0d95e94ffd84eb.php(124): Illuminate\View\View-&gt;render()
  #18 C:\xampp\htdocs\CreacipeApp\vendor\laravel\framework\src\Illuminate\Filesystem\Filesystem.php(109): require('C:\\xampp\\htdocs...')
  #19 C:\xampp\htdocs\CreacipeApp\vendor\laravel\framework\src\Illuminate\Filesystem\Filesystem.php(110): Illuminate\Filesystem\Filesystem::Illuminate\Filesystem\{closure}()
  #20 C:\xampp\htdocs\CreacipeApp\vendor\laravel\framework\src\Illuminate\View\Engines\PhpEngine.php(58): Illuminate\Filesystem\Filesystem-&gt;getRequire('C:\\xampp\\htdocs...', Array)
  #21 C:\xampp\htdocs\CreacipeApp\vendor\laravel\framework\src\Illuminate\View\Engines\CompilerEngine.php(70): Illuminate\View\Engines\PhpEngine-&gt;evaluatePath('C:\\xampp\\htdocs...', Array)
  #22 C:\xampp\htdocs\CreacipeApp\vendor\laravel\framework\src\Illuminate\View\View.php(195): Illuminate\View\Engines\CompilerEngine-&gt;get('C:\\xampp\\htdocs...', Array)
  #23 C:\xampp\htdocs\CreacipeApp\vendor\laravel\framework\src\Illuminate\View\View.php(178): Illuminate\View\View-&gt;getContents()
  #24 C:\xampp\htdocs\CreacipeApp\vendor\laravel\framework\src\Illuminate\View\View.php(147): Illuminate\View\View-&gt;renderContents()
  #25 C:\xampp\htdocs\CreacipeApp\vendor\laravel\framework\src\Illuminate\Http\Response.php(69): Illuminate\View\View-&gt;render()
  #26 C:\xampp\htdocs\CreacipeApp\vendor\laravel\framework\src\Illuminate\Http\Response.php(35): Illuminate\Http\Response-&gt;setContent(Object(Illuminate\View\View))
  #27 C:\xampp\htdocs\CreacipeApp\vendor\laravel\framework\src\Illuminate\Routing\Router.php(906): Illuminate\Http\Response-&gt;__construct(Object(Illuminate\View\View), 200, Array)
  #28 C:\xampp\htdocs\CreacipeApp\vendor\laravel\framework\src\Illuminate\Routing\Router.php(875): Illuminate\Routing\Router::toResponse(Object(Illuminate\Http\Request), Object(Illuminate\View\View))
  #29 C:\xampp\htdocs\CreacipeApp\vendor\laravel\framework\src\Illuminate\Routing\Router.php(798): Illuminate\Routing\Router-&gt;prepareResponse(Object(Illuminate\Http\Request), Object(Illuminate\View\View))
  #30 C:\xampp\htdocs\CreacipeApp\vendor\laravel\framework\src\Illuminate\Pipeline\Pipeline.php(141): Illuminate\Routing\Router-&gt;Illuminate\Routing\{closure}(Object(Illuminate\Http\Request))
  #31 C:\xampp\htdocs\CreacipeApp\vendor\laravel\framework\src\Illuminate\Routing\Middleware\SubstituteBindings.php(50): Illuminate\Pipeline\Pipeline-&gt;Illuminate\Pipeline\{closure}(Object(Illuminate\Http\Request))
  #32 C:\xampp\htdocs\CreacipeApp\vendor\laravel\framework\src\Illuminate\Pipeline\Pipeline.php(180): Illuminate\Routing\Middleware\SubstituteBindings-&gt;handle(Object(Illuminate\Http\Request), Object(Closure))
  #33 C:\xampp\htdocs\CreacipeApp\vendor\laravel\framework\src\Illuminate\Foundation\Http\Middleware\VerifyCsrfToken.php(78): Illuminate\Pipeline\Pipeline-&gt;Illuminate\Pipeline\{closure}(Object(Illuminate\Http\Request))
  #34 C:\xampp\htdocs\CreacipeApp\vendor\laravel\framework\src\Illuminate\Pipeline\Pipeline.php(180): Illuminate\Foundation\Http\Middleware\VerifyCsrfToken-&gt;handle(Object(Illuminate\Http\Request), Object(Closure))
  #35 C:\xampp\htdocs\CreacipeApp\vendor\laravel\framework\src\Illuminate\View\Middleware\ShareErrorsFromSession.php(49): Illuminate\Pipeline\Pipeline-&gt;Illuminate\Pipeline\{closure}(Object(Illuminate\Http\Request))
  #36 C:\xampp\htdocs\CreacipeApp\vendor\laravel\framework\src\Illuminate\Pipeline\Pipeline.php(180): Illuminate\View\Middleware\ShareErrorsFromSession-&gt;handle(Object(Illuminate\Http\Request), Object(Closure))
  #37 C:\xampp\htdocs\CreacipeApp\vendor\laravel\framework\src\Illuminate\Session\Middleware\StartSession.php(121): Illuminate\Pipeline\Pipeline-&gt;Illuminate\Pipeline\{closure}(Object(Illuminate\Http\Request))
  #38 C:\xampp\htdocs\CreacipeApp\vendor\laravel\framework\src\Illuminate\Session\Middleware\StartSession.php(64): Illuminate\Session\Middleware\StartSession-&gt;handleStatefulRequest(Object(Illuminate\Http\Request), Object(Illuminate\Session\Store), Object(Closure))
  #39 C:\xampp\htdocs\CreacipeApp\vendor\laravel\framework\src\Illuminate\Pipeline\Pipeline.php(180): Illuminate\Session\Middleware\StartSession-&gt;handle(Object(Illuminate\Http\Request), Object(Closure))
  #40 C:\xampp\htdocs\CreacipeApp\vendor\laravel\framework\src\Illuminate\Cookie\Middleware\AddQueuedCookiesToResponse.php(37): Illuminate\Pipeline\Pipeline-&gt;Illuminate\Pipeline\{closure}(Object(Illuminate\Http\Request))
  #41 C:\xampp\htdocs\CreacipeApp\vendor\laravel\framework\src\Illuminate\Pipeline\Pipeline.php(180): Illuminate\Cookie\Middleware\AddQueuedCookiesToResponse-&gt;handle(Object(Illuminate\Http\Request), Object(Closure))
  #42 C:\xampp\htdocs\CreacipeApp\vendor\laravel\framework\src\Illuminate\Cookie\Middleware\EncryptCookies.php(67): Illuminate\Pipeline\Pipeline-&gt;Illuminate\Pipeline\{closure}(Object(Illuminate\Http\Request))
  #43 C:\xampp\htdocs\CreacipeApp\vendor\laravel\framework\src\Illuminate\Pipeline\Pipeline.php(180): Illuminate\Cookie\Middleware\EncryptCookies-&gt;handle(Object(Illuminate\Http\Request), Object(Closure))
  #44 C:\xampp\htdocs\CreacipeApp\vendor\laravel\framework\src\Illuminate\Pipeline\Pipeline.php(116): Illuminate\Pipeline\Pipeline-&gt;Illuminate\Pipeline\{closure}(Object(Illuminate\Http\Request))
  #45 C:\xampp\htdocs\CreacipeApp\vendor\laravel\framework\src\Illuminate\Routing\Router.php(799): Illuminate\Pipeline\Pipeline-&gt;then(Object(Closure))
  #46 C:\xampp\htdocs\CreacipeApp\vendor\laravel\framework\src\Illuminate\Routing\Router.php(776): Illuminate\Routing\Router-&gt;runRouteWithinStack(Object(Illuminate\Routing\Route), Object(Illuminate\Http\Request))
  #47 C:\xampp\htdocs\CreacipeApp\vendor\laravel\framework\src\Illuminate\Routing\Router.php(740): Illuminate\Routing\Router-&gt;runRoute(Object(Illuminate\Http\Request), Object(Illuminate\Routing\Route))
  #48 C:\xampp\htdocs\CreacipeApp\vendor\laravel\framework\src\Illuminate\Routing\Router.php(729): Illuminate\Routing\Router-&gt;dispatchToRoute(Object(Illuminate\Http\Request))
  #49 C:\xampp\htdocs\CreacipeApp\vendor\laravel\framework\src\Illuminate\Foundation\Http\Kernel.php(190): Illuminate\Routing\Router-&gt;dispatch(Object(Illuminate\Http\Request))
  #50 C:\xampp\htdocs\CreacipeApp\vendor\laravel\framework\src\Illuminate\Pipeline\Pipeline.php(141): Illuminate\Foundation\Http\Kernel-&gt;Illuminate\Foundation\Http\{closure}(Object(Illuminate\Http\Request))
  #51 C:\xampp\htdocs\CreacipeApp\vendor\laravel\framework\src\Illuminate\Foundation\Http\Middleware\TransformsRequest.php(21): Illuminate\Pipeline\Pipeline-&gt;Illuminate\Pipeline\{closure}(Object(Illuminate\Http\Request))
  #52 C:\xampp\htdocs\CreacipeApp\vendor\laravel\framework\src\Illuminate\Foundation\Http\Middleware\ConvertEmptyStringsToNull.php(31): Illuminate\Foundation\Http\Middleware\TransformsRequest-&gt;handle(Object(Illuminate\Http\Request), Object(Closure))
  #53 C:\xampp\htdocs\CreacipeApp\vendor\laravel\framework\src\Illuminate\Pipeline\Pipeline.php(180): Illuminate\Foundation\Http\Middleware\ConvertEmptyStringsToNull-&gt;handle(Object(Illuminate\Http\Request), Object(Closure))
  #54 C:\xampp\htdocs\CreacipeApp\vendor\laravel\framework\src\Illuminate\Foundation\Http\Middleware\TransformsRequest.php(21): Illuminate\Pipeline\Pipeline-&gt;Illuminate\Pipeline\{closure}(Object(Illuminate\Http\Request))
  #55 C:\xampp\htdocs\CreacipeApp\vendor\laravel\framework\src\Illuminate\Foundation\Http\Middleware\TrimStrings.php(40): Illuminate\Foundation\Http\Middleware\TransformsRequest-&gt;handle(Object(Illuminate\Http\Request), Object(Closure))
  #56 C:\xampp\htdocs\CreacipeApp\vendor\laravel\framework\src\Illuminate\Pipeline\Pipeline.php(180): Illuminate\Foundation\Http\Middleware\TrimStrings-&gt;handle(Object(Illuminate\Http\Request), Object(Closure))
  #57 C:\xampp\htdocs\CreacipeApp\vendor\laravel\framework\src\Illuminate\Foundation\Http\Middleware\ValidatePostSize.php(27): Illuminate\Pipeline\Pipeline-&gt;Illuminate\Pipeline\{closure}(Object(Illuminate\Http\Request))
  #58 C:\xampp\htdocs\CreacipeApp\vendor\laravel\framework\src\Illuminate\Pipeline\Pipeline.php(180): Illuminate\Foundation\Http\Middleware\ValidatePostSize-&gt;handle(Object(Illuminate\Http\Request), Object(Closure))
  #59 C:\xampp\htdocs\CreacipeApp\vendor\laravel\framework\src\Illuminate\Foundation\Http\Middleware\PreventRequestsDuringMaintenance.php(86): Illuminate\Pipeline\Pipeline-&gt;Illuminate\Pipeline\{closure}(Object(Illuminate\Http\Request))
  #60 C:\xampp\htdocs\CreacipeApp\vendor\laravel\framework\src\Illuminate\Pipeline\Pipeline.php(180): Illuminate\Foundation\Http\Middleware\PreventRequestsDuringMaintenance-&gt;handle(Object(Illuminate\Http\Request), Object(Closure))
  #61 C:\xampp\htdocs\CreacipeApp\vendor\laravel\framework\src\Illuminate\Http\Middleware\HandleCors.php(49): Illuminate\Pipeline\Pipeline-&gt;Illuminate\Pipeline\{closure}(Object(Illuminate\Http\Request))
  #62 C:\xampp\htdocs\CreacipeApp\vendor\laravel\framework\src\Illuminate\Pipeline\Pipeline.php(180): Illuminate\Http\Middleware\HandleCors-&gt;handle(Object(Illuminate\Http\Request), Object(Closure))
  #63 C:\xampp\htdocs\CreacipeApp\vendor\laravel\framework\src\Illuminate\Http\Middleware\TrustProxies.php(39): Illuminate\Pipeline\Pipeline-&gt;Illuminate\Pipeline\{closure}(Object(Illuminate\Http\Request))
  #64 C:\xampp\htdocs\CreacipeApp\vendor\laravel\framework\src\Illuminate\Pipeline\Pipeline.php(180): Illuminate\Http\Middleware\TrustProxies-&gt;handle(Object(Illuminate\Http\Request), Object(Closure))
  #65 C:\xampp\htdocs\CreacipeApp\vendor\laravel\framework\src\Illuminate\Pipeline\Pipeline.php(116): Illuminate\Pipeline\Pipeline-&gt;Illuminate\Pipeline\{closure}(Object(Illuminate\Http\Request))
  #66 C:\xampp\htdocs\CreacipeApp\vendor\laravel\framework\src\Illuminate\Foundation\Http\Kernel.php(165): Illuminate\Pipeline\Pipeline-&gt;then(Object(Closure))
  #67 C:\xampp\htdocs\CreacipeApp\vendor\laravel\framework\src\Illuminate\Foundation\Http\Kernel.php(134): Illuminate\Foundation\Http\Kernel-&gt;sendRequestThroughRouter(Object(Illuminate\Http\Request))
  #68 C:\xampp\htdocs\CreacipeApp\vendor\laravel\framework\src\Illuminate\Foundation\Testing\Concerns\MakesHttpRequests.php(557): Illuminate\Foundation\Http\Kernel-&gt;handle(Object(Illuminate\Http\Request))
  #69 C:\xampp\htdocs\CreacipeApp\vendor\laravel\framework\src\Illuminate\Foundation\Testing\Concerns\MakesHttpRequests.php(324): Illuminate\Foundation\Testing\TestCase-&gt;call('GET', 'http://localhos...', Array, Array, Array, Array)
  #70 C:\xampp\htdocs\CreacipeApp\tests\Feature\Controllers\EditorControllerTest.php(31): Illuminate\Foundation\Testing\TestCase-&gt;get('http://localhos...')
  #71 C:\xampp\htdocs\CreacipeApp\vendor\phpunit\phpunit\src\Framework\TestCase.php(1617): Tests\Feature\Controllers\EditorControllerTest-&gt;it_can_display_recipes_list()
  #72 C:\xampp\htdocs\CreacipeApp\vendor\phpunit\phpunit\src\Framework\TestCase.php(1223): PHPUnit\Framework\TestCase-&gt;runTest()
  #73 C:\xampp\htdocs\CreacipeApp\vendor\phpunit\phpunit\src\Framework\TestResult.php(729): PHPUnit\Framework\TestCase-&gt;runBare()
  #74 C:\xampp\htdocs\CreacipeApp\vendor\phpunit\phpunit\src\Framework\TestCase.php(973): PHPUnit\Framework\TestResult-&gt;run(Object(Tests\Feature\Controllers\EditorControllerTest))
  #75 C:\xampp\htdocs\CreacipeApp\vendor\phpunit\phpunit\src\Framework\TestSuite.php(685): PHPUnit\Framework\TestCase-&gt;run(Object(PHPUnit\Framework\TestResult))
  #76 C:\xampp\htdocs\CreacipeApp\vendor\phpunit\phpunit\src\Framework\TestSuite.php(685): PHPUnit\Framework\TestSuite-&gt;run(Object(PHPUnit\Framework\TestResult))
  #77 C:\xampp\htdocs\CreacipeApp\vendor\phpunit\phpunit\src\Framework\TestSuite.php(685): PHPUnit\Framework\TestSuite-&gt;run(Object(PHPUnit\Framework\TestResult))
  #78 C:\xampp\htdocs\CreacipeApp\vendor\phpunit\phpunit\src\TextUI\TestRunner.php(651): PHPUnit\Framework\TestSuite-&gt;run(Object(PHPUnit\Framework\TestResult))
  #79 C:\xampp\htdocs\CreacipeApp\vendor\phpunit\phpunit\src\TextUI\Command.php(146): PHPUnit\TextUI\TestRunner-&gt;run(Object(PHPUnit\Framework\TestSuite), Array, Array, true)
  #80 C:\xampp\htdocs\CreacipeApp\vendor\phpunit\phpunit\src\TextUI\Command.php(99): PHPUnit\TextUI\Command-&gt;run(Array, true)
  #81 C:\xampp\htdocs\CreacipeApp\vendor\phpunit\phpunit\phpunit(107): PHPUnit\TextUI\Command::main()
  #82 {main}
  
  Next Spatie\LaravelIgnition\Exceptions\ViewException: foreach() argument must be of type array|object, null given in C:\xampp\htdocs\CreacipeApp\resources\views\Recipes\showeditor.blade.php:26
  Stack trace:
  #0 C:\xampp\htdocs\CreacipeApp\vendor\laravel\framework\src\Illuminate\Foundation\Bootstrap\HandleExceptions.php(270): Illuminate\Foundation\Bootstrap\HandleExceptions-&gt;handleError(2, 'foreach() argum...', 'C:\\xampp\\htdocs...', 26)
  #1 C:\xampp\htdocs\CreacipeApp\resources\views\Recipes\showeditor.blade.php(26): Illuminate\Foundation\Bootstrap\HandleExceptions-&gt;Illuminate\Foundation\Bootstrap\{closure}(2, 'foreach() argum...', 'C:\\xampp\\htdocs...', 26)
  #2 C:\xampp\htdocs\CreacipeApp\vendor\laravel\framework\src\Illuminate\Filesystem\Filesystem.php(109): require('C:\\xampp\\htdocs...')
  #3 C:\xampp\htdocs\CreacipeApp\vendor\laravel\framework\src\Illuminate\Filesystem\Filesystem.php(110): Illuminate\Filesystem\Filesystem::Illuminate\Filesystem\{closure}()
  #4 C:\xampp\htdocs\CreacipeApp\vendor\laravel\framework\src\Illuminate\View\Engines\PhpEngine.php(58): Illuminate\Filesystem\Filesystem-&gt;getRequire('C:\\xampp\\htdocs...', Array)
  #5 C:\xampp\htdocs\CreacipeApp\vendor\laravel\framework\src\Illuminate\View\Engines\CompilerEngine.php(70): Illuminate\View\Engines\PhpEngine-&gt;evaluatePath('C:\\xampp\\htdocs...', Array)
  #6 C:\xampp\htdocs\CreacipeApp\vendor\laravel\framework\src\Illuminate\View\View.php(195): Illuminate\View\Engines\CompilerEngine-&gt;get('C:\\xampp\\htdocs...', Array)
  #7 C:\xampp\htdocs\CreacipeApp\vendor\laravel\framework\src\Illuminate\View\View.php(178): Illuminate\View\View-&gt;getContents()
  #8 C:\xampp\htdocs\CreacipeApp\vendor\laravel\framework\src\Illuminate\View\View.php(147): Illuminate\View\View-&gt;renderContents()
  #9 C:\xampp\htdocs\CreacipeApp\resources\views\Layout\editor.blade.php(41): Illuminate\View\View-&gt;render()
  #10 C:\xampp\htdocs\CreacipeApp\vendor\laravel\framework\src\Illuminate\Filesystem\Filesystem.php(109): require('C:\\xampp\\htdocs...')
  #11 C:\xampp\htdocs\CreacipeApp\vendor\laravel\framework\src\Illuminate\Filesystem\Filesystem.php(110): Illuminate\Filesystem\Filesystem::Illuminate\Filesystem\{closure}()
  #12 C:\xampp\htdocs\CreacipeApp\vendor\laravel\framework\src\Illuminate\View\Engines\PhpEngine.php(58): Illuminate\Filesystem\Filesystem-&gt;getRequire('C:\\xampp\\htdocs...', Array)
  #13 C:\xampp\htdocs\CreacipeApp\vendor\laravel\framework\src\Illuminate\View\Engines\CompilerEngine.php(70): Illuminate\View\Engines\PhpEngine-&gt;evaluatePath('C:\\xampp\\htdocs...', Array)
  #14 C:\xampp\htdocs\CreacipeApp\vendor\laravel\framework\src\Illuminate\View\View.php(195): Illuminate\View\Engines\CompilerEngine-&gt;get('C:\\xampp\\htdocs...', Array)
  #15 C:\xampp\htdocs\CreacipeApp\vendor\laravel\framework\src\Illuminate\View\View.php(178): Illuminate\View\View-&gt;getContents()
  #16 C:\xampp\htdocs\CreacipeApp\vendor\laravel\framework\src\Illuminate\View\View.php(147): Illuminate\View\View-&gt;renderContents()
  #17 C:\xampp\htdocs\CreacipeApp\resources\views\Dashboard\Editor\recipes.blade.php(118): Illuminate\View\View-&gt;render()
  #18 C:\xampp\htdocs\CreacipeApp\vendor\laravel\framework\src\Illuminate\Filesystem\Filesystem.php(109): require('C:\\xampp\\htdocs...')
  #19 C:\xampp\htdocs\CreacipeApp\vendor\laravel\framework\src\Illuminate\Filesystem\Filesystem.php(110): Illuminate\Filesystem\Filesystem::Illuminate\Filesystem\{closure}()
  #20 C:\xampp\htdocs\CreacipeApp\vendor\laravel\framework\src\Illuminate\View\Engines\PhpEngine.php(58): Illuminate\Filesystem\Filesystem-&gt;getRequire('C:\\xampp\\htdocs...', Array)
  #21 C:\xampp\htdocs\CreacipeApp\vendor\laravel\framework\src\Illuminate\View\Engines\CompilerEngine.php(70): Illuminate\View\Engines\PhpEngine-&gt;evaluatePath('C:\\xampp\\htdocs...', Array)
  #22 C:\xampp\htdocs\CreacipeApp\vendor\laravel\framework\src\Illuminate\View\View.php(195): Illuminate\View\Engines\CompilerEngine-&gt;get('C:\\xampp\\htdocs...', Array)
  #23 C:\xampp\htdocs\CreacipeApp\vendor\laravel\framework\src\Illuminate\View\View.php(178): Illuminate\View\View-&gt;getContents()
  #24 C:\xampp\htdocs\CreacipeApp\vendor\laravel\framework\src\Illuminate\View\View.php(147): Illuminate\View\View-&gt;renderContents()
  #25 C:\xampp\htdocs\CreacipeApp\vendor\laravel\framework\src\Illuminate\Http\Response.php(69): Illuminate\View\View-&gt;render()
  #26 C:\xampp\htdocs\CreacipeApp\vendor\laravel\framework\src\Illuminate\Http\Response.php(35): Illuminate\Http\Response-&gt;setContent(Object(Illuminate\View\View))
  #27 C:\xampp\htdocs\CreacipeApp\vendor\laravel\framework\src\Illuminate\Routing\Router.php(906): Illuminate\Http\Response-&gt;__construct(Object(Illuminate\View\View), 200, Array)
  #28 C:\xampp\htdocs\CreacipeApp\vendor\laravel\framework\src\Illuminate\Routing\Router.php(875): Illuminate\Routing\Router::toResponse(Object(Illuminate\Http\Request), Object(Illuminate\View\View))
  #29 C:\xampp\htdocs\CreacipeApp\vendor\laravel\framework\src\Illuminate\Routing\Router.php(798): Illuminate\Routing\Router-&gt;prepareResponse(Object(Illuminate\Http\Request), Object(Illuminate\View\View))
  #30 C:\xampp\htdocs\CreacipeApp\vendor\laravel\framework\src\Illuminate\Pipeline\Pipeline.php(141): Illuminate\Routing\Router-&gt;Illuminate\Routing\{closure}(Object(Illuminate\Http\Request))
  #31 C:\xampp\htdocs\CreacipeApp\vendor\laravel\framework\src\Illuminate\Routing\Middleware\SubstituteBindings.php(50): Illuminate\Pipeline\Pipeline-&gt;Illuminate\Pipeline\{closure}(Object(Illuminate\Http\Request))
  #32 C:\xampp\htdocs\CreacipeApp\vendor\laravel\framework\src\Illuminate\Pipeline\Pipeline.php(180): Illuminate\Routing\Middleware\SubstituteBindings-&gt;handle(Object(Illuminate\Http\Request), Object(Closure))
  #33 C:\xampp\htdocs\CreacipeApp\vendor\laravel\framework\src\Illuminate\Foundation\Http\Middleware\VerifyCsrfToken.php(78): Illuminate\Pipeline\Pipeline-&gt;Illuminate\Pipeline\{closure}(Object(Illuminate\Http\Request))
  #34 C:\xampp\htdocs\CreacipeApp\vendor\laravel\framework\src\Illuminate\Pipeline\Pipeline.php(180): Illuminate\Foundation\Http\Middleware\VerifyCsrfToken-&gt;handle(Object(Illuminate\Http\Request), Object(Closure))
  #35 C:\xampp\htdocs\CreacipeApp\vendor\laravel\framework\src\Illuminate\View\Middleware\ShareErrorsFromSession.php(49): Illuminate\Pipeline\Pipeline-&gt;Illuminate\Pipeline\{closure}(Object(Illuminate\Http\Request))
  #36 C:\xampp\htdocs\CreacipeApp\vendor\laravel\framework\src\Illuminate\Pipeline\Pipeline.php(180): Illuminate\View\Middleware\ShareErrorsFromSession-&gt;handle(Object(Illuminate\Http\Request), Object(Closure))
  #37 C:\xampp\htdocs\CreacipeApp\vendor\laravel\framework\src\Illuminate\Session\Middleware\StartSession.php(121): Illuminate\Pipeline\Pipeline-&gt;Illuminate\Pipeline\{closure}(Object(Illuminate\Http\Request))
  #38 C:\xampp\htdocs\CreacipeApp\vendor\laravel\framework\src\Illuminate\Session\Middleware\StartSession.php(64): Illuminate\Session\Middleware\StartSession-&gt;handleStatefulRequest(Object(Illuminate\Http\Request), Object(Illuminate\Session\Store), Object(Closure))
  #39 C:\xampp\htdocs\CreacipeApp\vendor\laravel\framework\src\Illuminate\Pipeline\Pipeline.php(180): Illuminate\Session\Middleware\StartSession-&gt;handle(Object(Illuminate\Http\Request), Object(Closure))
  #40 C:\xampp\htdocs\CreacipeApp\vendor\laravel\framework\src\Illuminate\Cookie\Middleware\AddQueuedCookiesToResponse.php(37): Illuminate\Pipeline\Pipeline-&gt;Illuminate\Pipeline\{closure}(Object(Illuminate\Http\Request))
  #41 C:\xampp\htdocs\CreacipeApp\vendor\laravel\framework\src\Illuminate\Pipeline\Pipeline.php(180): Illuminate\Cookie\Middleware\AddQueuedCookiesToResponse-&gt;handle(Object(Illuminate\Http\Request), Object(Closure))
  #42 C:\xampp\htdocs\CreacipeApp\vendor\laravel\framework\src\Illuminate\Cookie\Middleware\EncryptCookies.php(67): Illuminate\Pipeline\Pipeline-&gt;Illuminate\Pipeline\{closure}(Object(Illuminate\Http\Request))
  #43 C:\xampp\htdocs\CreacipeApp\vendor\laravel\framework\src\Illuminate\Pipeline\Pipeline.php(180): Illuminate\Cookie\Middleware\EncryptCookies-&gt;handle(Object(Illuminate\Http\Request), Object(Closure))
  #44 C:\xampp\htdocs\CreacipeApp\vendor\laravel\framework\src\Illuminate\Pipeline\Pipeline.php(116): Illuminate\Pipeline\Pipeline-&gt;Illuminate\Pipeline\{closure}(Object(Illuminate\Http\Request))
  #45 C:\xampp\htdocs\CreacipeApp\vendor\laravel\framework\src\Illuminate\Routing\Router.php(799): Illuminate\Pipeline\Pipeline-&gt;then(Object(Closure))
  #46 C:\xampp\htdocs\CreacipeApp\vendor\laravel\framework\src\Illuminate\Routing\Router.php(776): Illuminate\Routing\Router-&gt;runRouteWithinStack(Object(Illuminate\Routing\Route), Object(Illuminate\Http\Request))
  #47 C:\xampp\htdocs\CreacipeApp\vendor\laravel\framework\src\Illuminate\Routing\Router.php(740): Illuminate\Routing\Router-&gt;runRoute(Object(Illuminate\Http\Request), Object(Illuminate\Routing\Route))
  #48 C:\xampp\htdocs\CreacipeApp\vendor\laravel\framework\src\Illuminate\Routing\Router.php(729): Illuminate\Routing\Router-&gt;dispatchToRoute(Object(Illuminate\Http\Request))
  #49 C:\xampp\htdocs\CreacipeApp\vendor\laravel\framework\src\Illuminate\Foundation\Http\Kernel.php(190): Illuminate\Routing\Router-&gt;dispatch(Object(Illuminate\Http\Request))
  #50 C:\xampp\htdocs\CreacipeApp\vendor\laravel\framework\src\Illuminate\Pipeline\Pipeline.php(141): Illuminate\Foundation\Http\Kernel-&gt;Illuminate\Foundation\Http\{closure}(Object(Illuminate\Http\Request))
  #51 C:\xampp\htdocs\CreacipeApp\vendor\laravel\framework\src\Illuminate\Foundation\Http\Middleware\TransformsRequest.php(21): Illuminate\Pipeline\Pipeline-&gt;Illuminate\Pipeline\{closure}(Object(Illuminate\Http\Request))
  #52 C:\xampp\htdocs\CreacipeApp\vendor\laravel\framework\src\Illuminate\Foundation\Http\Middleware\ConvertEmptyStringsToNull.php(31): Illuminate\Foundation\Http\Middleware\TransformsRequest-&gt;handle(Object(Illuminate\Http\Request), Object(Closure))
  #53 C:\xampp\htdocs\CreacipeApp\vendor\laravel\framework\src\Illuminate\Pipeline\Pipeline.php(180): Illuminate\Foundation\Http\Middleware\ConvertEmptyStringsToNull-&gt;handle(Object(Illuminate\Http\Request), Object(Closure))
  #54 C:\xampp\htdocs\CreacipeApp\vendor\laravel\framework\src\Illuminate\Foundation\Http\Middleware\TransformsRequest.php(21): Illuminate\Pipeline\Pipeline-&gt;Illuminate\Pipeline\{closure}(Object(Illuminate\Http\Request))
  #55 C:\xampp\htdocs\CreacipeApp\vendor\laravel\framework\src\Illuminate\Foundation\Http\Middleware\TrimStrings.php(40): Illuminate\Foundation\Http\Middleware\TransformsRequest-&gt;handle(Object(Illuminate\Http\Request), Object(Closure))
  #56 C:\xampp\htdocs\CreacipeApp\vendor\laravel\framework\src\Illuminate\Pipeline\Pipeline.php(180): Illuminate\Foundation\Http\Middleware\TrimStrings-&gt;handle(Object(Illuminate\Http\Request), Object(Closure))
  #57 C:\xampp\htdocs\CreacipeApp\vendor\laravel\framework\src\Illuminate\Foundation\Http\Middleware\ValidatePostSize.php(27): Illuminate\Pipeline\Pipeline-&gt;Illuminate\Pipeline\{closure}(Object(Illuminate\Http\Request))
  #58 C:\xampp\htdocs\CreacipeApp\vendor\laravel\framework\src\Illuminate\Pipeline\Pipeline.php(180): Illuminate\Foundation\Http\Middleware\ValidatePostSize-&gt;handle(Object(Illuminate\Http\Request), Object(Closure))
  #59 C:\xampp\htdocs\CreacipeApp\vendor\laravel\framework\src\Illuminate\Foundation\Http\Middleware\PreventRequestsDuringMaintenance.php(86): Illuminate\Pipeline\Pipeline-&gt;Illuminate\Pipeline\{closure}(Object(Illuminate\Http\Request))
  #60 C:\xampp\htdocs\CreacipeApp\vendor\laravel\framework\src\Illuminate\Pipeline\Pipeline.php(180): Illuminate\Foundation\Http\Middleware\PreventRequestsDuringMaintenance-&gt;handle(Object(Illuminate\Http\Request), Object(Closure))
  #61 C:\xampp\htdocs\CreacipeApp\vendor\laravel\framework\src\Illuminate\Http\Middleware\HandleCors.php(49): Illuminate\Pipeline\Pipeline-&gt;Illuminate\Pipeline\{closure}(Object(Illuminate\Http\Request))
  #62 C:\xampp\htdocs\CreacipeApp\vendor\laravel\framework\src\Illuminate\Pipeline\Pipeline.php(180): Illuminate\Http\Middleware\HandleCors-&gt;handle(Object(Illuminate\Http\Request), Object(Closure))
  #63 C:\xampp\htdocs\CreacipeApp\vendor\laravel\framework\src\Illuminate\Http\Middleware\TrustProxies.php(39): Illuminate\Pipeline\Pipeline-&gt;Illuminate\Pipeline\{closure}(Object(Illuminate\Http\Request))
  #64 C:\xampp\htdocs\CreacipeApp\vendor\laravel\framework\src\Illuminate\Pipeline\Pipeline.php(180): Illuminate\Http\Middleware\TrustProxies-&gt;handle(Object(Illuminate\Http\Request), Object(Closure))
  #65 C:\xampp\htdocs\CreacipeApp\vendor\laravel\framework\src\Illuminate\Pipeline\Pipeline.php(116): Illuminate\Pipeline\Pipeline-&gt;Illuminate\Pipeline\{closure}(Object(Illuminate\Http\Request))
  #66 C:\xampp\htdocs\CreacipeApp\vendor\laravel\framework\src\Illuminate\Foundation\Http\Kernel.php(165): Illuminate\Pipeline\Pipeline-&gt;then(Object(Closure))
  #67 C:\xampp\htdocs\CreacipeApp\vendor\laravel\framework\src\Illuminate\Foundation\Http\Kernel.php(134): Illuminate\Foundation\Http\Kernel-&gt;sendRequestThroughRouter(Object(Illuminate\Http\Request))
  #68 C:\xampp\htdocs\CreacipeApp\vendor\laravel\framework\src\Illuminate\Foundation\Testing\Concerns\MakesHttpRequests.php(557): Illuminate\Foundation\Http\Kernel-&gt;handle(Object(Illuminate\Http\Request))
  #69 C:\xampp\htdocs\CreacipeApp\vendor\laravel\framework\src\Illuminate\Foundation\Testing\Concerns\MakesHttpRequests.php(324): Illuminate\Foundation\Testing\TestCase-&gt;call('GET', 'http://localhos...', Array, Array, Array, Array)
  #70 C:\xampp\htdocs\CreacipeApp\tests\Feature\Controllers\EditorControllerTest.php(31): Illuminate\Foundation\Testing\TestCase-&gt;get('http://localhos...')
  #71 C:\xampp\htdocs\CreacipeApp\vendor\phpunit\phpunit\src\Framework\TestCase.php(1617): Tests\Feature\Controllers\EditorControllerTest-&gt;it_can_display_recipes_list()
  #72 C:\xampp\htdocs\CreacipeApp\vendor\phpunit\phpunit\src\Framework\TestCase.php(1223): PHPUnit\Framework\TestCase-&gt;runTest()
  #73 C:\xampp\htdocs\CreacipeApp\vendor\phpunit\phpunit\src\Framework\TestResult.php(729): PHPUnit\Framework\TestCase-&gt;runBare()
  #74 C:\xampp\htdocs\CreacipeApp\vendor\phpunit\phpunit\src\Framework\TestCase.php(973): PHPUnit\Framework\TestResult-&gt;run(Object(Tests\Feature\Controllers\EditorControllerTest))
  #75 C:\xampp\htdocs\CreacipeApp\vendor\phpunit\phpunit\src\Framework\TestSuite.php(685): PHPUnit\Framework\TestCase-&gt;run(Object(PHPUnit\Framework\TestResult))
  #76 C:\xampp\htdocs\CreacipeApp\vendor\phpunit\phpunit\src\Framework\TestSuite.php(685): PHPUnit\Framework\TestSuite-&gt;run(Object(PHPUnit\Framework\TestResult))
  #77 C:\xampp\htdocs\CreacipeApp\vendor\phpunit\phpunit\src\Framework\TestSuite.php(685): PHPUnit\Framework\TestSuite-&gt;run(Object(PHPUnit\Framework\TestResult))
  #78 C:\xampp\htdocs\CreacipeApp\vendor\phpunit\phpunit\src\TextUI\TestRunner.php(651): PHPUnit\Framework\TestSuite-&gt;run(Object(PHPUnit\Framework\TestResult))
  #79 C:\xampp\htdocs\CreacipeApp\vendor\phpunit\phpunit\src\TextUI\Command.php(146): PHPUnit\TextUI\TestRunner-&gt;run(Object(PHPUnit\Framework\TestSuite), Array, Array, true)
  #80 C:\xampp\htdocs\CreacipeApp\vendor\phpunit\phpunit\src\TextUI\Command.php(99): PHPUnit\TextUI\Command-&gt;run(Array, true)
  #81 C:\xampp\htdocs\CreacipeApp\vendor\phpunit\phpunit\phpunit(107): PHPUnit\TextUI\Command::main()
  #82 {main}
  
  ----------------------------------------------------------------------------------
  
  foreach() argument must be of type array|object, null given

C:\xampp\htdocs\CreacipeApp\vendor\laravel\framework\src\Illuminate\Testing\TestResponse.php:123
C:\xampp\htdocs\CreacipeApp\tests\Feature\Controllers\EditorControllerTest.php:33</failure>
        </testcase>
        <testcase name="it_can_approve_a_recipe" class="Tests\Feature\Controllers\EditorControllerTest" classname="Tests.Feature.Controllers.EditorControllerTest" file="C:\xampp\htdocs\CreacipeApp\tests\Feature\Controllers\EditorControllerTest.php" line="39" assertions="3" time="0.082295"/>
        <testcase name="it_can_decline_a_recipe" class="Tests\Feature\Controllers\EditorControllerTest" classname="Tests.Feature.Controllers.EditorControllerTest" file="C:\xampp\htdocs\CreacipeApp\tests\Feature\Controllers\EditorControllerTest.php" line="57" assertions="4" time="0.110861"/>
        <testcase name="it_can_delete_a_recipe" class="Tests\Feature\Controllers\EditorControllerTest" classname="Tests.Feature.Controllers.EditorControllerTest" file="C:\xampp\htdocs\CreacipeApp\tests\Feature\Controllers\EditorControllerTest.php" line="78" assertions="3" time="0.081558"/>
        <testcase name="it_can_display_dashboard" class="Tests\Feature\Controllers\EditorControllerTest" classname="Tests.Feature.Controllers.EditorControllerTest" file="C:\xampp\htdocs\CreacipeApp\tests\Feature\Controllers\EditorControllerTest.php" line="95" assertions="2" time="0.066608"/>
      </testsuite>
      <testsuite name="Tests\Feature\Controllers\EditorRecipesControllerTest" file="C:\xampp\htdocs\CreacipeApp\tests\Feature\Controllers\EditorRecipesControllerTest.php" tests="3" assertions="8" errors="0" warnings="0" failures="2" skipped="0" time="0.604257">
        <testcase name="it_can_display_recipes_in_dashboard_editor" class="Tests\Feature\Controllers\EditorRecipesControllerTest" classname="Tests.Feature.Controllers.EditorRecipesControllerTest" file="C:\xampp\htdocs\CreacipeApp\tests\Feature\Controllers\EditorRecipesControllerTest.php" line="27" assertions="1" time="0.425801">
          <failure type="PHPUnit\Framework\ExpectationFailedException">Tests\Feature\Controllers\EditorRecipesControllerTest::it_can_display_recipes_in_dashboard_editor
Expected response status code [200] but received 500.
  Failed asserting that 200 is identical to 500.
  
  
  
  The following exception occurred during the last request:
  
  ErrorException: foreach() argument must be of type array|object, null given in C:\xampp\htdocs\CreacipeApp\storage\framework\views\8b0e3357dae8d645d57ae9b6af589f737784fcb4.php:28
  Stack trace:
  #0 C:\xampp\htdocs\CreacipeApp\vendor\laravel\framework\src\Illuminate\Foundation\Bootstrap\HandleExceptions.php(270): Illuminate\Foundation\Bootstrap\HandleExceptions-&gt;handleError(2, 'foreach() argum...', 'C:\\xampp\\htdocs...', 28)
  #1 C:\xampp\htdocs\CreacipeApp\storage\framework\views\8b0e3357dae8d645d57ae9b6af589f737784fcb4.php(28): Illuminate\Foundation\Bootstrap\HandleExceptions-&gt;Illuminate\Foundation\Bootstrap\{closure}(2, 'foreach() argum...', 'C:\\xampp\\htdocs...', 28)
  #2 C:\xampp\htdocs\CreacipeApp\vendor\laravel\framework\src\Illuminate\Filesystem\Filesystem.php(109): require('C:\\xampp\\htdocs...')
  #3 C:\xampp\htdocs\CreacipeApp\vendor\laravel\framework\src\Illuminate\Filesystem\Filesystem.php(110): Illuminate\Filesystem\Filesystem::Illuminate\Filesystem\{closure}()
  #4 C:\xampp\htdocs\CreacipeApp\vendor\laravel\framework\src\Illuminate\View\Engines\PhpEngine.php(58): Illuminate\Filesystem\Filesystem-&gt;getRequire('C:\\xampp\\htdocs...', Array)
  #5 C:\xampp\htdocs\CreacipeApp\vendor\laravel\framework\src\Illuminate\View\Engines\CompilerEngine.php(70): Illuminate\View\Engines\PhpEngine-&gt;evaluatePath('C:\\xampp\\htdocs...', Array)
  #6 C:\xampp\htdocs\CreacipeApp\vendor\laravel\framework\src\Illuminate\View\View.php(195): Illuminate\View\Engines\CompilerEngine-&gt;get('C:\\xampp\\htdocs...', Array)
  #7 C:\xampp\htdocs\CreacipeApp\vendor\laravel\framework\src\Illuminate\View\View.php(178): Illuminate\View\View-&gt;getContents()
  #8 C:\xampp\htdocs\CreacipeApp\vendor\laravel\framework\src\Illuminate\View\View.php(147): Illuminate\View\View-&gt;renderContents()
  #9 C:\xampp\htdocs\CreacipeApp\storage\framework\views\248cf194ae61cd248109ec1218e6545c19598abf.php(41): Illuminate\View\View-&gt;render()
  #10 C:\xampp\htdocs\CreacipeApp\vendor\laravel\framework\src\Illuminate\Filesystem\Filesystem.php(109): require('C:\\xampp\\htdocs...')
  #11 C:\xampp\htdocs\CreacipeApp\vendor\laravel\framework\src\Illuminate\Filesystem\Filesystem.php(110): Illuminate\Filesystem\Filesystem::Illuminate\Filesystem\{closure}()
  #12 C:\xampp\htdocs\CreacipeApp\vendor\laravel\framework\src\Illuminate\View\Engines\PhpEngine.php(58): Illuminate\Filesystem\Filesystem-&gt;getRequire('C:\\xampp\\htdocs...', Array)
  #13 C:\xampp\htdocs\CreacipeApp\vendor\laravel\framework\src\Illuminate\View\Engines\CompilerEngine.php(70): Illuminate\View\Engines\PhpEngine-&gt;evaluatePath('C:\\xampp\\htdocs...', Array)
  #14 C:\xampp\htdocs\CreacipeApp\vendor\laravel\framework\src\Illuminate\View\View.php(195): Illuminate\View\Engines\CompilerEngine-&gt;get('C:\\xampp\\htdocs...', Array)
  #15 C:\xampp\htdocs\CreacipeApp\vendor\laravel\framework\src\Illuminate\View\View.php(178): Illuminate\View\View-&gt;getContents()
  #16 C:\xampp\htdocs\CreacipeApp\vendor\laravel\framework\src\Illuminate\View\View.php(147): Illuminate\View\View-&gt;renderContents()
  #17 C:\xampp\htdocs\CreacipeApp\vendor\laravel\framework\src\Illuminate\Http\Response.php(69): Illuminate\View\View-&gt;render()
  #18 C:\xampp\htdocs\CreacipeApp\vendor\laravel\framework\src\Illuminate\Http\Response.php(35): Illuminate\Http\Response-&gt;setContent(Object(Illuminate\View\View))
  #19 C:\xampp\htdocs\CreacipeApp\vendor\laravel\framework\src\Illuminate\Routing\Router.php(906): Illuminate\Http\Response-&gt;__construct(Object(Illuminate\View\View), 200, Array)
  #20 C:\xampp\htdocs\CreacipeApp\vendor\laravel\framework\src\Illuminate\Routing\Router.php(875): Illuminate\Routing\Router::toResponse(Object(Illuminate\Http\Request), Object(Illuminate\View\View))
  #21 C:\xampp\htdocs\CreacipeApp\vendor\laravel\framework\src\Illuminate\Routing\Router.php(798): Illuminate\Routing\Router-&gt;prepareResponse(Object(Illuminate\Http\Request), Object(Illuminate\View\View))
  #22 C:\xampp\htdocs\CreacipeApp\vendor\laravel\framework\src\Illuminate\Pipeline\Pipeline.php(141): Illuminate\Routing\Router-&gt;Illuminate\Routing\{closure}(Object(Illuminate\Http\Request))
  #23 C:\xampp\htdocs\CreacipeApp\vendor\laravel\framework\src\Illuminate\Routing\Middleware\SubstituteBindings.php(50): Illuminate\Pipeline\Pipeline-&gt;Illuminate\Pipeline\{closure}(Object(Illuminate\Http\Request))
  #24 C:\xampp\htdocs\CreacipeApp\vendor\laravel\framework\src\Illuminate\Pipeline\Pipeline.php(180): Illuminate\Routing\Middleware\SubstituteBindings-&gt;handle(Object(Illuminate\Http\Request), Object(Closure))
  #25 C:\xampp\htdocs\CreacipeApp\vendor\laravel\framework\src\Illuminate\Foundation\Http\Middleware\VerifyCsrfToken.php(78): Illuminate\Pipeline\Pipeline-&gt;Illuminate\Pipeline\{closure}(Object(Illuminate\Http\Request))
  #26 C:\xampp\htdocs\CreacipeApp\vendor\laravel\framework\src\Illuminate\Pipeline\Pipeline.php(180): Illuminate\Foundation\Http\Middleware\VerifyCsrfToken-&gt;handle(Object(Illuminate\Http\Request), Object(Closure))
  #27 C:\xampp\htdocs\CreacipeApp\vendor\laravel\framework\src\Illuminate\View\Middleware\ShareErrorsFromSession.php(49): Illuminate\Pipeline\Pipeline-&gt;Illuminate\Pipeline\{closure}(Object(Illuminate\Http\Request))
  #28 C:\xampp\htdocs\CreacipeApp\vendor\laravel\framework\src\Illuminate\Pipeline\Pipeline.php(180): Illuminate\View\Middleware\ShareErrorsFromSession-&gt;handle(Object(Illuminate\Http\Request), Object(Closure))
  #29 C:\xampp\htdocs\CreacipeApp\vendor\laravel\framework\src\Illuminate\Session\Middleware\StartSession.php(121): Illuminate\Pipeline\Pipeline-&gt;Illuminate\Pipeline\{closure}(Object(Illuminate\Http\Request))
  #30 C:\xampp\htdocs\CreacipeApp\vendor\laravel\framework\src\Illuminate\Session\Middleware\StartSession.php(64): Illuminate\Session\Middleware\StartSession-&gt;handleStatefulRequest(Object(Illuminate\Http\Request), Object(Illuminate\Session\Store), Object(Closure))
  #31 C:\xampp\htdocs\CreacipeApp\vendor\laravel\framework\src\Illuminate\Pipeline\Pipeline.php(180): Illuminate\Session\Middleware\StartSession-&gt;handle(Object(Illuminate\Http\Request), Object(Closure))
  #32 C:\xampp\htdocs\CreacipeApp\vendor\laravel\framework\src\Illuminate\Cookie\Middleware\AddQueuedCookiesToResponse.php(37): Illuminate\Pipeline\Pipeline-&gt;Illuminate\Pipeline\{closure}(Object(Illuminate\Http\Request))
  #33 C:\xampp\htdocs\CreacipeApp\vendor\laravel\framework\src\Illuminate\Pipeline\Pipeline.php(180): Illuminate\Cookie\Middleware\AddQueuedCookiesToResponse-&gt;handle(Object(Illuminate\Http\Request), Object(Closure))
  #34 C:\xampp\htdocs\CreacipeApp\vendor\laravel\framework\src\Illuminate\Cookie\Middleware\EncryptCookies.php(67): Illuminate\Pipeline\Pipeline-&gt;Illuminate\Pipeline\{closure}(Object(Illuminate\Http\Request))
  #35 C:\xampp\htdocs\CreacipeApp\vendor\laravel\framework\src\Illuminate\Pipeline\Pipeline.php(180): Illuminate\Cookie\Middleware\EncryptCookies-&gt;handle(Object(Illuminate\Http\Request), Object(Closure))
  #36 C:\xampp\htdocs\CreacipeApp\vendor\laravel\framework\src\Illuminate\Pipeline\Pipeline.php(116): Illuminate\Pipeline\Pipeline-&gt;Illuminate\Pipeline\{closure}(Object(Illuminate\Http\Request))
  #37 C:\xampp\htdocs\CreacipeApp\vendor\laravel\framework\src\Illuminate\Routing\Router.php(799): Illuminate\Pipeline\Pipeline-&gt;then(Object(Closure))
  #38 C:\xampp\htdocs\CreacipeApp\vendor\laravel\framework\src\Illuminate\Routing\Router.php(776): Illuminate\Routing\Router-&gt;runRouteWithinStack(Object(Illuminate\Routing\Route), Object(Illuminate\Http\Request))
  #39 C:\xampp\htdocs\CreacipeApp\vendor\laravel\framework\src\Illuminate\Routing\Router.php(740): Illuminate\Routing\Router-&gt;runRoute(Object(Illuminate\Http\Request), Object(Illuminate\Routing\Route))
  #40 C:\xampp\htdocs\CreacipeApp\vendor\laravel\framework\src\Illuminate\Routing\Router.php(729): Illuminate\Routing\Router-&gt;dispatchToRoute(Object(Illuminate\Http\Request))
  #41 C:\xampp\htdocs\CreacipeApp\vendor\laravel\framework\src\Illuminate\Foundation\Http\Kernel.php(190): Illuminate\Routing\Router-&gt;dispatch(Object(Illuminate\Http\Request))
  #42 C:\xampp\htdocs\CreacipeApp\vendor\laravel\framework\src\Illuminate\Pipeline\Pipeline.php(141): Illuminate\Foundation\Http\Kernel-&gt;Illuminate\Foundation\Http\{closure}(Object(Illuminate\Http\Request))
  #43 C:\xampp\htdocs\CreacipeApp\vendor\laravel\framework\src\Illuminate\Foundation\Http\Middleware\TransformsRequest.php(21): Illuminate\Pipeline\Pipeline-&gt;Illuminate\Pipeline\{closure}(Object(Illuminate\Http\Request))
  #44 C:\xampp\htdocs\CreacipeApp\vendor\laravel\framework\src\Illuminate\Foundation\Http\Middleware\ConvertEmptyStringsToNull.php(31): Illuminate\Foundation\Http\Middleware\TransformsRequest-&gt;handle(Object(Illuminate\Http\Request), Object(Closure))
  #45 C:\xampp\htdocs\CreacipeApp\vendor\laravel\framework\src\Illuminate\Pipeline\Pipeline.php(180): Illuminate\Foundation\Http\Middleware\ConvertEmptyStringsToNull-&gt;handle(Object(Illuminate\Http\Request), Object(Closure))
  #46 C:\xampp\htdocs\CreacipeApp\vendor\laravel\framework\src\Illuminate\Foundation\Http\Middleware\TransformsRequest.php(21): Illuminate\Pipeline\Pipeline-&gt;Illuminate\Pipeline\{closure}(Object(Illuminate\Http\Request))
  #47 C:\xampp\htdocs\CreacipeApp\vendor\laravel\framework\src\Illuminate\Foundation\Http\Middleware\TrimStrings.php(40): Illuminate\Foundation\Http\Middleware\TransformsRequest-&gt;handle(Object(Illuminate\Http\Request), Object(Closure))
  #48 C:\xampp\htdocs\CreacipeApp\vendor\laravel\framework\src\Illuminate\Pipeline\Pipeline.php(180): Illuminate\Foundation\Http\Middleware\TrimStrings-&gt;handle(Object(Illuminate\Http\Request), Object(Closure))
  #49 C:\xampp\htdocs\CreacipeApp\vendor\laravel\framework\src\Illuminate\Foundation\Http\Middleware\ValidatePostSize.php(27): Illuminate\Pipeline\Pipeline-&gt;Illuminate\Pipeline\{closure}(Object(Illuminate\Http\Request))
  #50 C:\xampp\htdocs\CreacipeApp\vendor\laravel\framework\src\Illuminate\Pipeline\Pipeline.php(180): Illuminate\Foundation\Http\Middleware\ValidatePostSize-&gt;handle(Object(Illuminate\Http\Request), Object(Closure))
  #51 C:\xampp\htdocs\CreacipeApp\vendor\laravel\framework\src\Illuminate\Foundation\Http\Middleware\PreventRequestsDuringMaintenance.php(86): Illuminate\Pipeline\Pipeline-&gt;Illuminate\Pipeline\{closure}(Object(Illuminate\Http\Request))
  #52 C:\xampp\htdocs\CreacipeApp\vendor\laravel\framework\src\Illuminate\Pipeline\Pipeline.php(180): Illuminate\Foundation\Http\Middleware\PreventRequestsDuringMaintenance-&gt;handle(Object(Illuminate\Http\Request), Object(Closure))
  #53 C:\xampp\htdocs\CreacipeApp\vendor\laravel\framework\src\Illuminate\Http\Middleware\HandleCors.php(49): Illuminate\Pipeline\Pipeline-&gt;Illuminate\Pipeline\{closure}(Object(Illuminate\Http\Request))
  #54 C:\xampp\htdocs\CreacipeApp\vendor\laravel\framework\src\Illuminate\Pipeline\Pipeline.php(180): Illuminate\Http\Middleware\HandleCors-&gt;handle(Object(Illuminate\Http\Request), Object(Closure))
  #55 C:\xampp\htdocs\CreacipeApp\vendor\laravel\framework\src\Illuminate\Http\Middleware\TrustProxies.php(39): Illuminate\Pipeline\Pipeline-&gt;Illuminate\Pipeline\{closure}(Object(Illuminate\Http\Request))
  #56 C:\xampp\htdocs\CreacipeApp\vendor\laravel\framework\src\Illuminate\Pipeline\Pipeline.php(180): Illuminate\Http\Middleware\TrustProxies-&gt;handle(Object(Illuminate\Http\Request), Object(Closure))
  #57 C:\xampp\htdocs\CreacipeApp\vendor\laravel\framework\src\Illuminate\Pipeline\Pipeline.php(116): Illuminate\Pipeline\Pipeline-&gt;Illuminate\Pipeline\{closure}(Object(Illuminate\Http\Request))
  #58 C:\xampp\htdocs\CreacipeApp\vendor\laravel\framework\src\Illuminate\Foundation\Http\Kernel.php(165): Illuminate\Pipeline\Pipeline-&gt;then(Object(Closure))
  #59 C:\xampp\htdocs\CreacipeApp\vendor\laravel\framework\src\Illuminate\Foundation\Http\Kernel.php(134): Illuminate\Foundation\Http\Kernel-&gt;sendRequestThroughRouter(Object(Illuminate\Http\Request))
  #60 C:\xampp\htdocs\CreacipeApp\vendor\laravel\framework\src\Illuminate\Foundation\Testing\Concerns\MakesHttpRequests.php(557): Illuminate\Foundation\Http\Kernel-&gt;handle(Object(Illuminate\Http\Request))
  #61 C:\xampp\htdocs\CreacipeApp\vendor\laravel\framework\src\Illuminate\Foundation\Testing\Concerns\MakesHttpRequests.php(324): Illuminate\Foundation\Testing\TestCase-&gt;call('GET', 'http://localhos...', Array, Array, Array, Array)
  #62 C:\xampp\htdocs\CreacipeApp\tests\Feature\Controllers\EditorRecipesControllerTest.php(36): Illuminate\Foundation\Testing\TestCase-&gt;get('http://localhos...')
  #63 C:\xampp\htdocs\CreacipeApp\vendor\phpunit\phpunit\src\Framework\TestCase.php(1617): Tests\Feature\Controllers\EditorRecipesControllerTest-&gt;it_can_display_recipes_in_dashboard_editor()
  #64 C:\xampp\htdocs\CreacipeApp\vendor\phpunit\phpunit\src\Framework\TestCase.php(1223): PHPUnit\Framework\TestCase-&gt;runTest()
  #65 C:\xampp\htdocs\CreacipeApp\vendor\phpunit\phpunit\src\Framework\TestResult.php(729): PHPUnit\Framework\TestCase-&gt;runBare()
  #66 C:\xampp\htdocs\CreacipeApp\vendor\phpunit\phpunit\src\Framework\TestCase.php(973): PHPUnit\Framework\TestResult-&gt;run(Object(Tests\Feature\Controllers\EditorRecipesControllerTest))
  #67 C:\xampp\htdocs\CreacipeApp\vendor\phpunit\phpunit\src\Framework\TestSuite.php(685): PHPUnit\Framework\TestCase-&gt;run(Object(PHPUnit\Framework\TestResult))
  #68 C:\xampp\htdocs\CreacipeApp\vendor\phpunit\phpunit\src\Framework\TestSuite.php(685): PHPUnit\Framework\TestSuite-&gt;run(Object(PHPUnit\Framework\TestResult))
  #69 C:\xampp\htdocs\CreacipeApp\vendor\phpunit\phpunit\src\Framework\TestSuite.php(685): PHPUnit\Framework\TestSuite-&gt;run(Object(PHPUnit\Framework\TestResult))
  #70 C:\xampp\htdocs\CreacipeApp\vendor\phpunit\phpunit\src\TextUI\TestRunner.php(651): PHPUnit\Framework\TestSuite-&gt;run(Object(PHPUnit\Framework\TestResult))
  #71 C:\xampp\htdocs\CreacipeApp\vendor\phpunit\phpunit\src\TextUI\Command.php(146): PHPUnit\TextUI\TestRunner-&gt;run(Object(PHPUnit\Framework\TestSuite), Array, Array, true)
  #72 C:\xampp\htdocs\CreacipeApp\vendor\phpunit\phpunit\src\TextUI\Command.php(99): PHPUnit\TextUI\Command-&gt;run(Array, true)
  #73 C:\xampp\htdocs\CreacipeApp\vendor\phpunit\phpunit\phpunit(107): PHPUnit\TextUI\Command::main()
  #74 {main}
  
  Next Spatie\LaravelIgnition\Exceptions\ViewException: foreach() argument must be of type array|object, null given in C:\xampp\htdocs\CreacipeApp\resources\views\Dashboard\Editor\recipes\edit.blade.php:28
  Stack trace:
  #0 C:\xampp\htdocs\CreacipeApp\vendor\laravel\framework\src\Illuminate\Foundation\Bootstrap\HandleExceptions.php(270): Illuminate\Foundation\Bootstrap\HandleExceptions-&gt;handleError(2, 'foreach() argum...', 'C:\\xampp\\htdocs...', 28)
  #1 C:\xampp\htdocs\CreacipeApp\resources\views\Dashboard\Editor\recipes\edit.blade.php(28): Illuminate\Foundation\Bootstrap\HandleExceptions-&gt;Illuminate\Foundation\Bootstrap\{closure}(2, 'foreach() argum...', 'C:\\xampp\\htdocs...', 28)
  #2 C:\xampp\htdocs\CreacipeApp\vendor\laravel\framework\src\Illuminate\Filesystem\Filesystem.php(109): require('C:\\xampp\\htdocs...')
  #3 C:\xampp\htdocs\CreacipeApp\vendor\laravel\framework\src\Illuminate\Filesystem\Filesystem.php(110): Illuminate\Filesystem\Filesystem::Illuminate\Filesystem\{closure}()
  #4 C:\xampp\htdocs\CreacipeApp\vendor\laravel\framework\src\Illuminate\View\Engines\PhpEngine.php(58): Illuminate\Filesystem\Filesystem-&gt;getRequire('C:\\xampp\\htdocs...', Array)
  #5 C:\xampp\htdocs\CreacipeApp\vendor\laravel\framework\src\Illuminate\View\Engines\CompilerEngine.php(70): Illuminate\View\Engines\PhpEngine-&gt;evaluatePath('C:\\xampp\\htdocs...', Array)
  #6 C:\xampp\htdocs\CreacipeApp\vendor\laravel\framework\src\Illuminate\View\View.php(195): Illuminate\View\Engines\CompilerEngine-&gt;get('C:\\xampp\\htdocs...', Array)
  #7 C:\xampp\htdocs\CreacipeApp\vendor\laravel\framework\src\Illuminate\View\View.php(178): Illuminate\View\View-&gt;getContents()
  #8 C:\xampp\htdocs\CreacipeApp\vendor\laravel\framework\src\Illuminate\View\View.php(147): Illuminate\View\View-&gt;renderContents()
  #9 C:\xampp\htdocs\CreacipeApp\resources\views\Dashboard\Editor\recipes\index.blade.php(40): Illuminate\View\View-&gt;render()
  #10 C:\xampp\htdocs\CreacipeApp\vendor\laravel\framework\src\Illuminate\Filesystem\Filesystem.php(109): require('C:\\xampp\\htdocs...')
  #11 C:\xampp\htdocs\CreacipeApp\vendor\laravel\framework\src\Illuminate\Filesystem\Filesystem.php(110): Illuminate\Filesystem\Filesystem::Illuminate\Filesystem\{closure}()
  #12 C:\xampp\htdocs\CreacipeApp\vendor\laravel\framework\src\Illuminate\View\Engines\PhpEngine.php(58): Illuminate\Filesystem\Filesystem-&gt;getRequire('C:\\xampp\\htdocs...', Array)
  #13 C:\xampp\htdocs\CreacipeApp\vendor\laravel\framework\src\Illuminate\View\Engines\CompilerEngine.php(70): Illuminate\View\Engines\PhpEngine-&gt;evaluatePath('C:\\xampp\\htdocs...', Array)
  #14 C:\xampp\htdocs\CreacipeApp\vendor\laravel\framework\src\Illuminate\View\View.php(195): Illuminate\View\Engines\CompilerEngine-&gt;get('C:\\xampp\\htdocs...', Array)
  #15 C:\xampp\htdocs\CreacipeApp\vendor\laravel\framework\src\Illuminate\View\View.php(178): Illuminate\View\View-&gt;getContents()
  #16 C:\xampp\htdocs\CreacipeApp\vendor\laravel\framework\src\Illuminate\View\View.php(147): Illuminate\View\View-&gt;renderContents()
  #17 C:\xampp\htdocs\CreacipeApp\vendor\laravel\framework\src\Illuminate\Http\Response.php(69): Illuminate\View\View-&gt;render()
  #18 C:\xampp\htdocs\CreacipeApp\vendor\laravel\framework\src\Illuminate\Http\Response.php(35): Illuminate\Http\Response-&gt;setContent(Object(Illuminate\View\View))
  #19 C:\xampp\htdocs\CreacipeApp\vendor\laravel\framework\src\Illuminate\Routing\Router.php(906): Illuminate\Http\Response-&gt;__construct(Object(Illuminate\View\View), 200, Array)
  #20 C:\xampp\htdocs\CreacipeApp\vendor\laravel\framework\src\Illuminate\Routing\Router.php(875): Illuminate\Routing\Router::toResponse(Object(Illuminate\Http\Request), Object(Illuminate\View\View))
  #21 C:\xampp\htdocs\CreacipeApp\vendor\laravel\framework\src\Illuminate\Routing\Router.php(798): Illuminate\Routing\Router-&gt;prepareResponse(Object(Illuminate\Http\Request), Object(Illuminate\View\View))
  #22 C:\xampp\htdocs\CreacipeApp\vendor\laravel\framework\src\Illuminate\Pipeline\Pipeline.php(141): Illuminate\Routing\Router-&gt;Illuminate\Routing\{closure}(Object(Illuminate\Http\Request))
  #23 C:\xampp\htdocs\CreacipeApp\vendor\laravel\framework\src\Illuminate\Routing\Middleware\SubstituteBindings.php(50): Illuminate\Pipeline\Pipeline-&gt;Illuminate\Pipeline\{closure}(Object(Illuminate\Http\Request))
  #24 C:\xampp\htdocs\CreacipeApp\vendor\laravel\framework\src\Illuminate\Pipeline\Pipeline.php(180): Illuminate\Routing\Middleware\SubstituteBindings-&gt;handle(Object(Illuminate\Http\Request), Object(Closure))
  #25 C:\xampp\htdocs\CreacipeApp\vendor\laravel\framework\src\Illuminate\Foundation\Http\Middleware\VerifyCsrfToken.php(78): Illuminate\Pipeline\Pipeline-&gt;Illuminate\Pipeline\{closure}(Object(Illuminate\Http\Request))
  #26 C:\xampp\htdocs\CreacipeApp\vendor\laravel\framework\src\Illuminate\Pipeline\Pipeline.php(180): Illuminate\Foundation\Http\Middleware\VerifyCsrfToken-&gt;handle(Object(Illuminate\Http\Request), Object(Closure))
  #27 C:\xampp\htdocs\CreacipeApp\vendor\laravel\framework\src\Illuminate\View\Middleware\ShareErrorsFromSession.php(49): Illuminate\Pipeline\Pipeline-&gt;Illuminate\Pipeline\{closure}(Object(Illuminate\Http\Request))
  #28 C:\xampp\htdocs\CreacipeApp\vendor\laravel\framework\src\Illuminate\Pipeline\Pipeline.php(180): Illuminate\View\Middleware\ShareErrorsFromSession-&gt;handle(Object(Illuminate\Http\Request), Object(Closure))
  #29 C:\xampp\htdocs\CreacipeApp\vendor\laravel\framework\src\Illuminate\Session\Middleware\StartSession.php(121): Illuminate\Pipeline\Pipeline-&gt;Illuminate\Pipeline\{closure}(Object(Illuminate\Http\Request))
  #30 C:\xampp\htdocs\CreacipeApp\vendor\laravel\framework\src\Illuminate\Session\Middleware\StartSession.php(64): Illuminate\Session\Middleware\StartSession-&gt;handleStatefulRequest(Object(Illuminate\Http\Request), Object(Illuminate\Session\Store), Object(Closure))
  #31 C:\xampp\htdocs\CreacipeApp\vendor\laravel\framework\src\Illuminate\Pipeline\Pipeline.php(180): Illuminate\Session\Middleware\StartSession-&gt;handle(Object(Illuminate\Http\Request), Object(Closure))
  #32 C:\xampp\htdocs\CreacipeApp\vendor\laravel\framework\src\Illuminate\Cookie\Middleware\AddQueuedCookiesToResponse.php(37): Illuminate\Pipeline\Pipeline-&gt;Illuminate\Pipeline\{closure}(Object(Illuminate\Http\Request))
  #33 C:\xampp\htdocs\CreacipeApp\vendor\laravel\framework\src\Illuminate\Pipeline\Pipeline.php(180): Illuminate\Cookie\Middleware\AddQueuedCookiesToResponse-&gt;handle(Object(Illuminate\Http\Request), Object(Closure))
  #34 C:\xampp\htdocs\CreacipeApp\vendor\laravel\framework\src\Illuminate\Cookie\Middleware\EncryptCookies.php(67): Illuminate\Pipeline\Pipeline-&gt;Illuminate\Pipeline\{closure}(Object(Illuminate\Http\Request))
  #35 C:\xampp\htdocs\CreacipeApp\vendor\laravel\framework\src\Illuminate\Pipeline\Pipeline.php(180): Illuminate\Cookie\Middleware\EncryptCookies-&gt;handle(Object(Illuminate\Http\Request), Object(Closure))
  #36 C:\xampp\htdocs\CreacipeApp\vendor\laravel\framework\src\Illuminate\Pipeline\Pipeline.php(116): Illuminate\Pipeline\Pipeline-&gt;Illuminate\Pipeline\{closure}(Object(Illuminate\Http\Request))
  #37 C:\xampp\htdocs\CreacipeApp\vendor\laravel\framework\src\Illuminate\Routing\Router.php(799): Illuminate\Pipeline\Pipeline-&gt;then(Object(Closure))
  #38 C:\xampp\htdocs\CreacipeApp\vendor\laravel\framework\src\Illuminate\Routing\Router.php(776): Illuminate\Routing\Router-&gt;runRouteWithinStack(Object(Illuminate\Routing\Route), Object(Illuminate\Http\Request))
  #39 C:\xampp\htdocs\CreacipeApp\vendor\laravel\framework\src\Illuminate\Routing\Router.php(740): Illuminate\Routing\Router-&gt;runRoute(Object(Illuminate\Http\Request), Object(Illuminate\Routing\Route))
  #40 C:\xampp\htdocs\CreacipeApp\vendor\laravel\framework\src\Illuminate\Routing\Router.php(729): Illuminate\Routing\Router-&gt;dispatchToRoute(Object(Illuminate\Http\Request))
  #41 C:\xampp\htdocs\CreacipeApp\vendor\laravel\framework\src\Illuminate\Foundation\Http\Kernel.php(190): Illuminate\Routing\Router-&gt;dispatch(Object(Illuminate\Http\Request))
  #42 C:\xampp\htdocs\CreacipeApp\vendor\laravel\framework\src\Illuminate\Pipeline\Pipeline.php(141): Illuminate\Foundation\Http\Kernel-&gt;Illuminate\Foundation\Http\{closure}(Object(Illuminate\Http\Request))
  #43 C:\xampp\htdocs\CreacipeApp\vendor\laravel\framework\src\Illuminate\Foundation\Http\Middleware\TransformsRequest.php(21): Illuminate\Pipeline\Pipeline-&gt;Illuminate\Pipeline\{closure}(Object(Illuminate\Http\Request))
  #44 C:\xampp\htdocs\CreacipeApp\vendor\laravel\framework\src\Illuminate\Foundation\Http\Middleware\ConvertEmptyStringsToNull.php(31): Illuminate\Foundation\Http\Middleware\TransformsRequest-&gt;handle(Object(Illuminate\Http\Request), Object(Closure))
  #45 C:\xampp\htdocs\CreacipeApp\vendor\laravel\framework\src\Illuminate\Pipeline\Pipeline.php(180): Illuminate\Foundation\Http\Middleware\ConvertEmptyStringsToNull-&gt;handle(Object(Illuminate\Http\Request), Object(Closure))
  #46 C:\xampp\htdocs\CreacipeApp\vendor\laravel\framework\src\Illuminate\Foundation\Http\Middleware\TransformsRequest.php(21): Illuminate\Pipeline\Pipeline-&gt;Illuminate\Pipeline\{closure}(Object(Illuminate\Http\Request))
  #47 C:\xampp\htdocs\CreacipeApp\vendor\laravel\framework\src\Illuminate\Foundation\Http\Middleware\TrimStrings.php(40): Illuminate\Foundation\Http\Middleware\TransformsRequest-&gt;handle(Object(Illuminate\Http\Request), Object(Closure))
  #48 C:\xampp\htdocs\CreacipeApp\vendor\laravel\framework\src\Illuminate\Pipeline\Pipeline.php(180): Illuminate\Foundation\Http\Middleware\TrimStrings-&gt;handle(Object(Illuminate\Http\Request), Object(Closure))
  #49 C:\xampp\htdocs\CreacipeApp\vendor\laravel\framework\src\Illuminate\Foundation\Http\Middleware\ValidatePostSize.php(27): Illuminate\Pipeline\Pipeline-&gt;Illuminate\Pipeline\{closure}(Object(Illuminate\Http\Request))
  #50 C:\xampp\htdocs\CreacipeApp\vendor\laravel\framework\src\Illuminate\Pipeline\Pipeline.php(180): Illuminate\Foundation\Http\Middleware\ValidatePostSize-&gt;handle(Object(Illuminate\Http\Request), Object(Closure))
  #51 C:\xampp\htdocs\CreacipeApp\vendor\laravel\framework\src\Illuminate\Foundation\Http\Middleware\PreventRequestsDuringMaintenance.php(86): Illuminate\Pipeline\Pipeline-&gt;Illuminate\Pipeline\{closure}(Object(Illuminate\Http\Request))
  #52 C:\xampp\htdocs\CreacipeApp\vendor\laravel\framework\src\Illuminate\Pipeline\Pipeline.php(180): Illuminate\Foundation\Http\Middleware\PreventRequestsDuringMaintenance-&gt;handle(Object(Illuminate\Http\Request), Object(Closure))
  #53 C:\xampp\htdocs\CreacipeApp\vendor\laravel\framework\src\Illuminate\Http\Middleware\HandleCors.php(49): Illuminate\Pipeline\Pipeline-&gt;Illuminate\Pipeline\{closure}(Object(Illuminate\Http\Request))
  #54 C:\xampp\htdocs\CreacipeApp\vendor\laravel\framework\src\Illuminate\Pipeline\Pipeline.php(180): Illuminate\Http\Middleware\HandleCors-&gt;handle(Object(Illuminate\Http\Request), Object(Closure))
  #55 C:\xampp\htdocs\CreacipeApp\vendor\laravel\framework\src\Illuminate\Http\Middleware\TrustProxies.php(39): Illuminate\Pipeline\Pipeline-&gt;Illuminate\Pipeline\{closure}(Object(Illuminate\Http\Request))
  #56 C:\xampp\htdocs\CreacipeApp\vendor\laravel\framework\src\Illuminate\Pipeline\Pipeline.php(180): Illuminate\Http\Middleware\TrustProxies-&gt;handle(Object(Illuminate\Http\Request), Object(Closure))
  #57 C:\xampp\htdocs\CreacipeApp\vendor\laravel\framework\src\Illuminate\Pipeline\Pipeline.php(116): Illuminate\Pipeline\Pipeline-&gt;Illuminate\Pipeline\{closure}(Object(Illuminate\Http\Request))
  #58 C:\xampp\htdocs\CreacipeApp\vendor\laravel\framework\src\Illuminate\Foundation\Http\Kernel.php(165): Illuminate\Pipeline\Pipeline-&gt;then(Object(Closure))
  #59 C:\xampp\htdocs\CreacipeApp\vendor\laravel\framework\src\Illuminate\Foundation\Http\Kernel.php(134): Illuminate\Foundation\Http\Kernel-&gt;sendRequestThroughRouter(Object(Illuminate\Http\Request))
  #60 C:\xampp\htdocs\CreacipeApp\vendor\laravel\framework\src\Illuminate\Foundation\Testing\Concerns\MakesHttpRequests.php(557): Illuminate\Foundation\Http\Kernel-&gt;handle(Object(Illuminate\Http\Request))
  #61 C:\xampp\htdocs\CreacipeApp\vendor\laravel\framework\src\Illuminate\Foundation\Testing\Concerns\MakesHttpRequests.php(324): Illuminate\Foundation\Testing\TestCase-&gt;call('GET', 'http://localhos...', Array, Array, Array, Array)
  #62 C:\xampp\htdocs\CreacipeApp\tests\Feature\Controllers\EditorRecipesControllerTest.php(36): Illuminate\Foundation\Testing\TestCase-&gt;get('http://localhos...')
  #63 C:\xampp\htdocs\CreacipeApp\vendor\phpunit\phpunit\src\Framework\TestCase.php(1617): Tests\Feature\Controllers\EditorRecipesControllerTest-&gt;it_can_display_recipes_in_dashboard_editor()
  #64 C:\xampp\htdocs\CreacipeApp\vendor\phpunit\phpunit\src\Framework\TestCase.php(1223): PHPUnit\Framework\TestCase-&gt;runTest()
  #65 C:\xampp\htdocs\CreacipeApp\vendor\phpunit\phpunit\src\Framework\TestResult.php(729): PHPUnit\Framework\TestCase-&gt;runBare()
  #66 C:\xampp\htdocs\CreacipeApp\vendor\phpunit\phpunit\src\Framework\TestCase.php(973): PHPUnit\Framework\TestResult-&gt;run(Object(Tests\Feature\Controllers\EditorRecipesControllerTest))
  #67 C:\xampp\htdocs\CreacipeApp\vendor\phpunit\phpunit\src\Framework\TestSuite.php(685): PHPUnit\Framework\TestCase-&gt;run(Object(PHPUnit\Framework\TestResult))
  #68 C:\xampp\htdocs\CreacipeApp\vendor\phpunit\phpunit\src\Framework\TestSuite.php(685): PHPUnit\Framework\TestSuite-&gt;run(Object(PHPUnit\Framework\TestResult))
  #69 C:\xampp\htdocs\CreacipeApp\vendor\phpunit\phpunit\src\Framework\TestSuite.php(685): PHPUnit\Framework\TestSuite-&gt;run(Object(PHPUnit\Framework\TestResult))
  #70 C:\xampp\htdocs\CreacipeApp\vendor\phpunit\phpunit\src\TextUI\TestRunner.php(651): PHPUnit\Framework\TestSuite-&gt;run(Object(PHPUnit\Framework\TestResult))
  #71 C:\xampp\htdocs\CreacipeApp\vendor\phpunit\phpunit\src\TextUI\Command.php(146): PHPUnit\TextUI\TestRunner-&gt;run(Object(PHPUnit\Framework\TestSuite), Array, Array, true)
  #72 C:\xampp\htdocs\CreacipeApp\vendor\phpunit\phpunit\src\TextUI\Command.php(99): PHPUnit\TextUI\Command-&gt;run(Array, true)
  #73 C:\xampp\htdocs\CreacipeApp\vendor\phpunit\phpunit\phpunit(107): PHPUnit\TextUI\Command::main()
  #74 {main}
  
  ----------------------------------------------------------------------------------
  
  foreach() argument must be of type array|object, null given

C:\xampp\htdocs\CreacipeApp\vendor\laravel\framework\src\Illuminate\Testing\TestResponse.php:123
C:\xampp\htdocs\CreacipeApp\tests\Feature\Controllers\EditorRecipesControllerTest.php:38</failure>
        </testcase>
        <testcase name="it_can_show_editor_recipe_details" class="Tests\Feature\Controllers\EditorRecipesControllerTest" classname="Tests.Feature.Controllers.EditorRecipesControllerTest" file="C:\xampp\htdocs\CreacipeApp\tests\Feature\Controllers\EditorRecipesControllerTest.php" line="44" assertions="2" time="0.070083"/>
        <testcase name="it_can_update_a_recipe" class="Tests\Feature\Controllers\EditorRecipesControllerTest" classname="Tests.Feature.Controllers.EditorRecipesControllerTest" file="C:\xampp\htdocs\CreacipeApp\tests\Feature\Controllers\EditorRecipesControllerTest.php" line="64" assertions="5" time="0.108373">
          <failure type="PHPUnit\Framework\ExpectationFailedException">Tests\Feature\Controllers\EditorRecipesControllerTest::it_can_update_a_recipe
Unable to find a file or directory at path [assets/upload/7MGPQX2ez3MoCVFYHhFscQcZT5YPNhn2IUlU2fsk.jpg].
  Failed asserting that false is true.

C:\xampp\htdocs\CreacipeApp\vendor\laravel\framework\src\Illuminate\Filesystem\FilesystemAdapter.php:120
C:\xampp\htdocs\CreacipeApp\tests\Feature\Controllers\EditorRecipesControllerTest.php:97</failure>
        </testcase>
      </testsuite>
      <testsuite name="Tests\Feature\Controllers\LoginControllerTest" file="C:\xampp\htdocs\CreacipeApp\tests\Feature\Controllers\LoginControllerTest.php" tests="10" assertions="43" errors="0" warnings="0" failures="1" skipped="0" time="1.383742">
        <testcase name="it_can_display_login_page" class="Tests\Feature\Controllers\LoginControllerTest" classname="Tests.Feature.Controllers.LoginControllerTest" file="C:\xampp\htdocs\CreacipeApp\tests\Feature\Controllers\LoginControllerTest.php" line="17" assertions="1" time="0.470965">
          <failure type="PHPUnit\Framework\ExpectationFailedException">Tests\Feature\Controllers\LoginControllerTest::it_can_display_login_page
Expected response status code [200] but received 500.
  Failed asserting that 200 is identical to 500.
  
  
  
  The following exception occurred during the last request:
  
  ErrorException: foreach() argument must be of type array|object, null given in C:\xampp\htdocs\CreacipeApp\storage\framework\views\158a90ae97da8424c86146ddec0fcba802fb1a3f.php:24
  Stack trace:
  #0 C:\xampp\htdocs\CreacipeApp\vendor\laravel\framework\src\Illuminate\Foundation\Bootstrap\HandleExceptions.php(270): Illuminate\Foundation\Bootstrap\HandleExceptions-&gt;handleError(2, 'foreach() argum...', 'C:\\xampp\\htdocs...', 24)
  #1 C:\xampp\htdocs\CreacipeApp\storage\framework\views\158a90ae97da8424c86146ddec0fcba802fb1a3f.php(24): Illuminate\Foundation\Bootstrap\HandleExceptions-&gt;Illuminate\Foundation\Bootstrap\{closure}(2, 'foreach() argum...', 'C:\\xampp\\htdocs...', 24)
  #2 C:\xampp\htdocs\CreacipeApp\vendor\laravel\framework\src\Illuminate\Filesystem\Filesystem.php(109): require('C:\\xampp\\htdocs...')
  #3 C:\xampp\htdocs\CreacipeApp\vendor\laravel\framework\src\Illuminate\Filesystem\Filesystem.php(110): Illuminate\Filesystem\Filesystem::Illuminate\Filesystem\{closure}()
  #4 C:\xampp\htdocs\CreacipeApp\vendor\laravel\framework\src\Illuminate\View\Engines\PhpEngine.php(58): Illuminate\Filesystem\Filesystem-&gt;getRequire('C:\\xampp\\htdocs...', Array)
  #5 C:\xampp\htdocs\CreacipeApp\vendor\laravel\framework\src\Illuminate\View\Engines\CompilerEngine.php(70): Illuminate\View\Engines\PhpEngine-&gt;evaluatePath('C:\\xampp\\htdocs...', Array)
  #6 C:\xampp\htdocs\CreacipeApp\vendor\laravel\framework\src\Illuminate\View\View.php(195): Illuminate\View\Engines\CompilerEngine-&gt;get('C:\\xampp\\htdocs...', Array)
  #7 C:\xampp\htdocs\CreacipeApp\vendor\laravel\framework\src\Illuminate\View\View.php(178): Illuminate\View\View-&gt;getContents()
  #8 C:\xampp\htdocs\CreacipeApp\vendor\laravel\framework\src\Illuminate\View\View.php(147): Illuminate\View\View-&gt;renderContents()
  #9 C:\xampp\htdocs\CreacipeApp\storage\framework\views\ea1868cac8f4f2c73eb1c545186104dcfa3fc5b2.php(97): Illuminate\View\View-&gt;render()
  #10 C:\xampp\htdocs\CreacipeApp\vendor\laravel\framework\src\Illuminate\Filesystem\Filesystem.php(109): require('C:\\xampp\\htdocs...')
  #11 C:\xampp\htdocs\CreacipeApp\vendor\laravel\framework\src\Illuminate\Filesystem\Filesystem.php(110): Illuminate\Filesystem\Filesystem::Illuminate\Filesystem\{closure}()
  #12 C:\xampp\htdocs\CreacipeApp\vendor\laravel\framework\src\Illuminate\View\Engines\PhpEngine.php(58): Illuminate\Filesystem\Filesystem-&gt;getRequire('C:\\xampp\\htdocs...', Array)
  #13 C:\xampp\htdocs\CreacipeApp\vendor\laravel\framework\src\Illuminate\View\Engines\CompilerEngine.php(70): Illuminate\View\Engines\PhpEngine-&gt;evaluatePath('C:\\xampp\\htdocs...', Array)
  #14 C:\xampp\htdocs\CreacipeApp\vendor\laravel\framework\src\Illuminate\View\View.php(195): Illuminate\View\Engines\CompilerEngine-&gt;get('C:\\xampp\\htdocs...', Array)
  #15 C:\xampp\htdocs\CreacipeApp\vendor\laravel\framework\src\Illuminate\View\View.php(178): Illuminate\View\View-&gt;getContents()
  #16 C:\xampp\htdocs\CreacipeApp\vendor\laravel\framework\src\Illuminate\View\View.php(147): Illuminate\View\View-&gt;renderContents()
  #17 C:\xampp\htdocs\CreacipeApp\vendor\laravel\framework\src\Illuminate\Http\Response.php(69): Illuminate\View\View-&gt;render()
  #18 C:\xampp\htdocs\CreacipeApp\vendor\laravel\framework\src\Illuminate\Http\Response.php(35): Illuminate\Http\Response-&gt;setContent(Object(Illuminate\View\View))
  #19 C:\xampp\htdocs\CreacipeApp\vendor\laravel\framework\src\Illuminate\Routing\Router.php(906): Illuminate\Http\Response-&gt;__construct(Object(Illuminate\View\View), 200, Array)
  #20 C:\xampp\htdocs\CreacipeApp\vendor\laravel\framework\src\Illuminate\Routing\Router.php(875): Illuminate\Routing\Router::toResponse(Object(Illuminate\Http\Request), Object(Illuminate\View\View))
  #21 C:\xampp\htdocs\CreacipeApp\vendor\laravel\framework\src\Illuminate\Routing\Router.php(798): Illuminate\Routing\Router-&gt;prepareResponse(Object(Illuminate\Http\Request), Object(Illuminate\View\View))
  #22 C:\xampp\htdocs\CreacipeApp\vendor\laravel\framework\src\Illuminate\Pipeline\Pipeline.php(141): Illuminate\Routing\Router-&gt;Illuminate\Routing\{closure}(Object(Illuminate\Http\Request))
  #23 C:\xampp\htdocs\CreacipeApp\vendor\laravel\framework\src\Illuminate\Routing\Middleware\SubstituteBindings.php(50): Illuminate\Pipeline\Pipeline-&gt;Illuminate\Pipeline\{closure}(Object(Illuminate\Http\Request))
  #24 C:\xampp\htdocs\CreacipeApp\vendor\laravel\framework\src\Illuminate\Pipeline\Pipeline.php(180): Illuminate\Routing\Middleware\SubstituteBindings-&gt;handle(Object(Illuminate\Http\Request), Object(Closure))
  #25 C:\xampp\htdocs\CreacipeApp\vendor\laravel\framework\src\Illuminate\Foundation\Http\Middleware\VerifyCsrfToken.php(78): Illuminate\Pipeline\Pipeline-&gt;Illuminate\Pipeline\{closure}(Object(Illuminate\Http\Request))
  #26 C:\xampp\htdocs\CreacipeApp\vendor\laravel\framework\src\Illuminate\Pipeline\Pipeline.php(180): Illuminate\Foundation\Http\Middleware\VerifyCsrfToken-&gt;handle(Object(Illuminate\Http\Request), Object(Closure))
  #27 C:\xampp\htdocs\CreacipeApp\vendor\laravel\framework\src\Illuminate\View\Middleware\ShareErrorsFromSession.php(49): Illuminate\Pipeline\Pipeline-&gt;Illuminate\Pipeline\{closure}(Object(Illuminate\Http\Request))
  #28 C:\xampp\htdocs\CreacipeApp\vendor\laravel\framework\src\Illuminate\Pipeline\Pipeline.php(180): Illuminate\View\Middleware\ShareErrorsFromSession-&gt;handle(Object(Illuminate\Http\Request), Object(Closure))
  #29 C:\xampp\htdocs\CreacipeApp\vendor\laravel\framework\src\Illuminate\Session\Middleware\StartSession.php(121): Illuminate\Pipeline\Pipeline-&gt;Illuminate\Pipeline\{closure}(Object(Illuminate\Http\Request))
  #30 C:\xampp\htdocs\CreacipeApp\vendor\laravel\framework\src\Illuminate\Session\Middleware\StartSession.php(64): Illuminate\Session\Middleware\StartSession-&gt;handleStatefulRequest(Object(Illuminate\Http\Request), Object(Illuminate\Session\Store), Object(Closure))
  #31 C:\xampp\htdocs\CreacipeApp\vendor\laravel\framework\src\Illuminate\Pipeline\Pipeline.php(180): Illuminate\Session\Middleware\StartSession-&gt;handle(Object(Illuminate\Http\Request), Object(Closure))
  #32 C:\xampp\htdocs\CreacipeApp\vendor\laravel\framework\src\Illuminate\Cookie\Middleware\AddQueuedCookiesToResponse.php(37): Illuminate\Pipeline\Pipeline-&gt;Illuminate\Pipeline\{closure}(Object(Illuminate\Http\Request))
  #33 C:\xampp\htdocs\CreacipeApp\vendor\laravel\framework\src\Illuminate\Pipeline\Pipeline.php(180): Illuminate\Cookie\Middleware\AddQueuedCookiesToResponse-&gt;handle(Object(Illuminate\Http\Request), Object(Closure))
  #34 C:\xampp\htdocs\CreacipeApp\vendor\laravel\framework\src\Illuminate\Cookie\Middleware\EncryptCookies.php(67): Illuminate\Pipeline\Pipeline-&gt;Illuminate\Pipeline\{closure}(Object(Illuminate\Http\Request))
  #35 C:\xampp\htdocs\CreacipeApp\vendor\laravel\framework\src\Illuminate\Pipeline\Pipeline.php(180): Illuminate\Cookie\Middleware\EncryptCookies-&gt;handle(Object(Illuminate\Http\Request), Object(Closure))
  #36 C:\xampp\htdocs\CreacipeApp\vendor\laravel\framework\src\Illuminate\Pipeline\Pipeline.php(116): Illuminate\Pipeline\Pipeline-&gt;Illuminate\Pipeline\{closure}(Object(Illuminate\Http\Request))
  #37 C:\xampp\htdocs\CreacipeApp\vendor\laravel\framework\src\Illuminate\Routing\Router.php(799): Illuminate\Pipeline\Pipeline-&gt;then(Object(Closure))
  #38 C:\xampp\htdocs\CreacipeApp\vendor\laravel\framework\src\Illuminate\Routing\Router.php(776): Illuminate\Routing\Router-&gt;runRouteWithinStack(Object(Illuminate\Routing\Route), Object(Illuminate\Http\Request))
  #39 C:\xampp\htdocs\CreacipeApp\vendor\laravel\framework\src\Illuminate\Routing\Router.php(740): Illuminate\Routing\Router-&gt;runRoute(Object(Illuminate\Http\Request), Object(Illuminate\Routing\Route))
  #40 C:\xampp\htdocs\CreacipeApp\vendor\laravel\framework\src\Illuminate\Routing\Router.php(729): Illuminate\Routing\Router-&gt;dispatchToRoute(Object(Illuminate\Http\Request))
  #41 C:\xampp\htdocs\CreacipeApp\vendor\laravel\framework\src\Illuminate\Foundation\Http\Kernel.php(190): Illuminate\Routing\Router-&gt;dispatch(Object(Illuminate\Http\Request))
  #42 C:\xampp\htdocs\CreacipeApp\vendor\laravel\framework\src\Illuminate\Pipeline\Pipeline.php(141): Illuminate\Foundation\Http\Kernel-&gt;Illuminate\Foundation\Http\{closure}(Object(Illuminate\Http\Request))
[...]
  #4 C:\xampp\htdocs\CreacipeApp\vendor\laravel\framework\src\Illuminate\View\Engines\PhpEngine.php(58): Illuminate\Filesystem\Filesystem-&gt;getRequire('C:\\xampp\\htdocs...', Array)
  #5 C:\xampp\htdocs\CreacipeApp\vendor\laravel\framework\src\Illuminate\View\Engines\CompilerEngine.php(70): Illuminate\View\Engines\PhpEngine-&gt;evaluatePath('C:\\xampp\\htdocs...', Array)
  #6 C:\xampp\htdocs\CreacipeApp\vendor\laravel\framework\src\Illuminate\View\View.php(195): Illuminate\View\Engines\CompilerEngine-&gt;get('C:\\xampp\\htdocs...', Array)
  #7 C:\xampp\htdocs\CreacipeApp\vendor\laravel\framework\src\Illuminate\View\View.php(178): Illuminate\View\View-&gt;getContents()
  #8 C:\xampp\htdocs\CreacipeApp\vendor\laravel\framework\src\Illuminate\View\View.php(147): Illuminate\View\View-&gt;renderContents()
  #9 C:\xampp\htdocs\CreacipeApp\resources\views\Dashboard\Editor\recipes\index.blade.php(40): Illuminate\View\View-&gt;render()
  #10 C:\xampp\htdocs\CreacipeApp\vendor\laravel\framework\src\Illuminate\Filesystem\Filesystem.php(109): require('C:\\xampp\\htdocs...')
  #11 C:\xampp\htdocs\CreacipeApp\vendor\laravel\framework\src\Illuminate\Filesystem\Filesystem.php(110): Illuminate\Filesystem\Filesystem::Illuminate\Filesystem\{closure}()
  #12 C:\xampp\htdocs\CreacipeApp\vendor\laravel\framework\src\Illuminate\View\Engines\PhpEngine.php(58): Illuminate\Filesystem\Filesystem-&gt;getRequire('C:\\xampp\\htdocs...', Array)
  #13 C:\xampp\htdocs\CreacipeApp\vendor\laravel\framework\src\Illuminate\View\Engines\CompilerEngine.php(70): Illuminate\View\Engines\PhpEngine-&gt;evaluatePath('C:\\xampp\\htdocs...', Array)
  #14 C:\xampp\htdocs\CreacipeApp\vendor\laravel\framework\src\Illuminate\View\View.php(195): Illuminate\View\Engines\CompilerEngine-&gt;get('C:\\xampp\\htdocs...', Array)
  #15 C:\xampp\htdocs\CreacipeApp\vendor\laravel\framework\src\Illuminate\View\View.php(178): Illuminate\View\View-&gt;getContents()
  #16 C:\xampp\htdocs\CreacipeApp\vendor\laravel\framework\src\Illuminate\View\View.php(147): Illuminate\View\View-&gt;renderContents()
  #17 C:\xampp\htdocs\CreacipeApp\vendor\laravel\framework\src\Illuminate\Http\Response.php(69): Illuminate\View\View-&gt;render()
  #18 C:\xampp\htdocs\CreacipeApp\vendor\laravel\framework\src\Illuminate\Http\Response.php(35): Illuminate\Http\Response-&gt;setContent(Object(Illuminate\View\View))
  #19 C:\xampp\htdocs\CreacipeApp\vendor\laravel\framework\src\Illuminate\Routing\Router.php(906): Illuminate\Http\Response-&gt;__construct(Object(Illuminate\View\View), 200, Array)
  #20 C:\xampp\htdocs\CreacipeApp\vendor\laravel\framework\src\Illuminate\Routing\Router.php(875): Illuminate\Routing\Router::toResponse(Object(Illuminate\Http\Request), Object(Illuminate\View\View))
  #21 C:\xampp\htdocs\CreacipeApp\vendor\laravel\framework\src\Illuminate\Routing\Router.php(798): Illuminate\Routing\Router-&gt;prepareResponse(Object(Illuminate\Http\Request), Object(Illuminate\View\View))
  #22 C:\xampp\htdocs\CreacipeApp\vendor\laravel\framework\src\Illuminate\Pipeline\Pipeline.php(141): Illuminate\Routing\Router-&gt;Illuminate\Routing\{closure}(Object(Illuminate\Http\Request))
  #23 C:\xampp\htdocs\CreacipeApp\vendor\laravel\framework\src\Illuminate\Routing\Middleware\SubstituteBindings.php(50): Illuminate\Pipeline\Pipeline-&gt;Illuminate\Pipeline\{closure}(Object(Illuminate\Http\Request))
  #24 C:\xampp\htdocs\CreacipeApp\vendor\laravel\framework\src\Illuminate\Pipeline\Pipeline.php(180): Illuminate\Routing\Middleware\SubstituteBindings-&gt;handle(Object(Illuminate\Http\Request), Object(Closure))
  #25 C:\xampp\htdocs\CreacipeApp\vendor\laravel\framework\src\Illuminate\Foundation\Http\Middleware\VerifyCsrfToken.php(78): Illuminate\Pipeline\Pipeline-&gt;Illuminate\Pipeline\{closure}(Object(Illuminate\Http\Request))
  #26 C:\xampp\htdocs\CreacipeApp\vendor\laravel\framework\src\Illuminate\Pipeline\Pipeline.php(180): Illuminate\Foundation\Http\Middleware\VerifyCsrfToken-&gt;handle(Object(Illuminate\Http\Request), Object(Closure))
  #27 C:\xampp\htdocs\CreacipeApp\vendor\laravel\framework\src\Illuminate\View\Middleware\ShareErrorsFromSession.php(49): Illuminate\Pipeline\Pipeline-&gt;Illuminate\Pipeline\{closure}(Object(Illuminate\Http\Request))
  #28 C:\xampp\htdocs\CreacipeApp\vendor\laravel\framework\src\Illuminate\Pipeline\Pipeline.php(180): Illuminate\View\Middleware\ShareErrorsFromSession-&gt;handle(Object(Illuminate\Http\Request), Object(Closure))
  #29 C:\xampp\htdocs\CreacipeApp\vendor\laravel\framework\src\Illuminate\Session\Middleware\StartSession.php(121): Illuminate\Pipeline\Pipeline-&gt;Illuminate\Pipeline\{closure}(Object(Illuminate\Http\Request))
  #30 C:\xampp\htdocs\CreacipeApp\vendor\laravel\framework\src\Illuminate\Session\Middleware\StartSession.php(64): Illuminate\Session\Middleware\StartSession-&gt;handleStatefulRequest(Object(Illuminate\Http\Request), Object(Illuminate\Session\Store), Object(Closure))
  #31 C:\xampp\htdocs\CreacipeApp\vendor\laravel\framework\src\Illuminate\Pipeline\Pipeline.php(180): Illuminate\Session\Middleware\StartSession-&gt;handle(Object(Illuminate\Http\Request), Object(Closure))
  #32 C:\xampp\htdocs\CreacipeApp\vendor\laravel\framework\src\Illuminate\Cookie\Middleware\AddQueuedCookiesToResponse.php(37): Illuminate\Pipeline\Pipeline-&gt;Illuminate\Pipeline\{closure}(Object(Illuminate\Http\Request))
  #33 C:\xampp\htdocs\CreacipeApp\vendor\laravel\framework\src\Illuminate\Pipeline\Pipeline.php(180): Illuminate\Cookie\Middleware\AddQueuedCookiesToResponse-&gt;handle(Object(Illuminate\Http\Request), Object(Closure))
  #34 C:\xampp\htdocs\CreacipeApp\vendor\laravel\framework\src\Illuminate\Cookie\Middleware\EncryptCookies.php(67): Illuminate\Pipeline\Pipeline-&gt;Illuminate\Pipeline\{closure}(Object(Illuminate\Http\Request))
  #35 C:\xampp\htdocs\CreacipeApp\vendor\laravel\framework\src\Illuminate\Pipeline\Pipeline.php(180): Illuminate\Cookie\Middleware\EncryptCookies-&gt;handle(Object(Illuminate\Http\Request), Object(Closure))
  #36 C:\xampp\htdocs\CreacipeApp\vendor\laravel\framework\src\Illuminate\Pipeline\Pipeline.php(116): Illuminate\Pipeline\Pipeline-&gt;Illuminate\Pipeline\{closure}(Object(Illuminate\Http\Request))
  #37 C:\xampp\htdocs\CreacipeApp\vendor\laravel\framework\src\Illuminate\Routing\Router.php(799): Illuminate\Pipeline\Pipeline-&gt;then(Object(Closure))
  #38 C:\xampp\htdocs\CreacipeApp\vendor\laravel\framework\src\Illuminate\Routing\Router.php(776): Illuminate\Routing\Router-&gt;runRouteWithinStack(Object(Illuminate\Routing\Route), Object(Illuminate\Http\Request))
  #39 C:\xampp\htdocs\CreacipeApp\vendor\laravel\framework\src\Illuminate\Routing\Router.php(740): Illuminate\Routing\Router-&gt;runRoute(Object(Illuminate\Http\Request), Object(Illuminate\Routing\Route))
  #40 C:\xampp\htdocs\CreacipeApp\vendor\laravel\framework\src\Illuminate\Routing\Router.php(729): Illuminate\Routing\Router-&gt;dispatchToRoute(Object(Illuminate\Http\Request))
  #41 C:\xampp\htdocs\CreacipeApp\vendor\laravel\framework\src\Illuminate\Foundation\Http\Kernel.php(190): Illuminate\Routing\Router-&gt;dispatch(Object(Illuminate\Http\Request))
  #42 C:\xampp\htdocs\CreacipeApp\vendor\laravel\framework\src\Illuminate\Pipeline\Pipeline.php(141): Illuminate\Foundation\Http\Kernel-&gt;Illuminate\Foundation\Http\{closure}(Object(Illuminate\Http\Request))
  #43 C:\xampp\htdocs\CreacipeApp\vendor\laravel\framework\src\Illuminate\Foundation\Http\Middleware\TransformsRequest.php(21): Illuminate\Pipeline\Pipeline-&gt;Illuminate\Pipeline\{closure}(Object(Illuminate\Http\Request))
  #44 C:\xampp\htdocs\CreacipeApp\vendor\laravel\framework\src\Illuminate\Foundation\Http\Middleware\ConvertEmptyStringsToNull.php(31): Illuminate\Foundation\Http\Middleware\TransformsRequest-&gt;handle(Object(Illuminate\Http\Request), Object(Closure))
  #45 C:\xampp\htdocs\CreacipeApp\vendor\laravel\framework\src\Illuminate\Pipeline\Pipeline.php(180): Illuminate\Foundation\Http\Middleware\ConvertEmptyStringsToNull-&gt;handle(Object(Illuminate\Http\Request), Object(Closure))
  #46 C:\xampp\htdocs\CreacipeApp\vendor\laravel\framework\src\Illuminate\Foundation\Http\Middleware\TransformsRequest.php(21): Illuminate\Pipeline\Pipeline-&gt;Illuminate\Pipeline\{closure}(Object(Illuminate\Http\Request))
  #47 C:\xampp\htdocs\CreacipeApp\vendor\laravel\framework\src\Illuminate\Foundation\Http\Middleware\TrimStrings.php(40): Illuminate\Foundation\Http\Middleware\TransformsRequest-&gt;handle(Object(Illuminate\Http\Request), Object(Closure))
  #48 C:\xampp\htdocs\CreacipeApp\vendor\laravel\framework\src\Illuminate\Pipeline\Pipeline.php(180): Illuminate\Foundation\Http\Middleware\TrimStrings-&gt;handle(Object(Illuminate\Http\Request), Object(Closure))
  #49 C:\xampp\htdocs\CreacipeApp\vendor\laravel\framework\src\Illuminate\Foundation\Http\Middleware\ValidatePostSize.php(27): Illuminate\Pipeline\Pipeline-&gt;Illuminate\Pipeline\{closure}(Object(Illuminate\Http\Request))
  #50 C:\xampp\htdocs\CreacipeApp\vendor\laravel\framework\src\Illuminate\Pipeline\Pipeline.php(180): Illuminate\Foundation\Http\Middleware\ValidatePostSize-&gt;handle(Object(Illuminate\Http\Request), Object(Closure))
  #51 C:\xampp\htdocs\CreacipeApp\vendor\laravel\framework\src\Illuminate\Foundation\Http\Middleware\PreventRequestsDuringMaintenance.php(86): Illuminate\Pipeline\Pipeline-&gt;Illuminate\Pipeline\{closure}(Object(Illuminate\Http\Request))
  #52 C:\xampp\htdocs\CreacipeApp\vendor\laravel\framework\src\Illuminate\Pipeline\Pipeline.php(180): Illuminate\Foundation\Http\Middleware\PreventRequestsDuringMaintenance-&gt;handle(Object(Illuminate\Http\Request), Object(Closure))
  #53 C:\xampp\htdocs\CreacipeApp\vendor\laravel\framework\src\Illuminate\Http\Middleware\HandleCors.php(49): Illuminate\Pipeline\Pipeline-&gt;Illuminate\Pipeline\{closure}(Object(Illuminate\Http\Request))
  #54 C:\xampp\htdocs\CreacipeApp\vendor\laravel\framework\src\Illuminate\Pipeline\Pipeline.php(180): Illuminate\Http\Middleware\HandleCors-&gt;handle(Object(Illuminate\Http\Request), Object(Closure))
  #55 C:\xampp\htdocs\CreacipeApp\vendor\laravel\framework\src\Illuminate\Http\Middleware\TrustProxies.php(39): Illuminate\Pipeline\Pipeline-&gt;Illuminate\Pipeline\{closure}(Object(Illuminate\Http\Request))
  #56 C:\xampp\htdocs\CreacipeApp\vendor\laravel\framework\src\Illuminate\Pipeline\Pipeline.php(180): Illuminate\Http\Middleware\TrustProxies-&gt;handle(Object(Illuminate\Http\Request), Object(Closure))
  #57 C:\xampp\htdocs\CreacipeApp\vendor\laravel\framework\src\Illuminate\Pipeline\Pipeline.php(116): Illuminate\Pipeline\Pipeline-&gt;Illuminate\Pipeline\{closure}(Object(Illuminate\Http\Request))
  #58 C:\xampp\htdocs\CreacipeApp\vendor\laravel\framework\src\Illuminate\Foundation\Http\Kernel.php(165): Illuminate\Pipeline\Pipeline-&gt;then(Object(Closure))
  #59 C:\xampp\htdocs\CreacipeApp\vendor\laravel\framework\src\Illuminate\Foundation\Http\Kernel.php(134): Illuminate\Foundation\Http\Kernel-&gt;sendRequestThroughRouter(Object(Illuminate\Http\Request))
  #60 C:\xampp\htdocs\CreacipeApp\vendor\laravel\framework\src\Illuminate\Foundation\Testing\Concerns\MakesHttpRequests.php(557): Illuminate\Foundation\Http\Kernel-&gt;handle(Object(Illuminate\Http\Request))
  #61 C:\xampp\htdocs\CreacipeApp\vendor\laravel\framework\src\Illuminate\Foundation\Testing\Concerns\MakesHttpRequests.php(324): Illuminate\Foundation\Testing\TestCase-&gt;call('GET', 'http://localhos...', Array, Array, Array, Array)
  #62 C:\xampp\htdocs\CreacipeApp\tests\Feature\Controllers\SearchControllerTest.php(140): Illuminate\Foundation\Testing\TestCase-&gt;get('http://localhos...')
  #63 C:\xampp\htdocs\CreacipeApp\vendor\phpunit\phpunit\src\Framework\TestCase.php(1617): Tests\Feature\Controllers\SearchControllerTest-&gt;test_search_all_recipes()
  #64 C:\xampp\htdocs\CreacipeApp\vendor\phpunit\phpunit\src\Framework\TestCase.php(1223): PHPUnit\Framework\TestCase-&gt;runTest()
  #65 C:\xampp\htdocs\CreacipeApp\vendor\phpunit\phpunit\src\Framework\TestResult.php(729): PHPUnit\Framework\TestCase-&gt;runBare()
  #66 C:\xampp\htdocs\CreacipeApp\vendor\phpunit\phpunit\src\Framework\TestCase.php(973): PHPUnit\Framework\TestResult-&gt;run(Object(Tests\Feature\Controllers\SearchControllerTest))
  #67 C:\xampp\htdocs\CreacipeApp\vendor\phpunit\phpunit\src\Framework\TestSuite.php(685): PHPUnit\Framework\TestCase-&gt;run(Object(PHPUnit\Framework\TestResult))
  #68 C:\xampp\htdocs\CreacipeApp\vendor\phpunit\phpunit\src\Framework\TestSuite.php(685): PHPUnit\Framework\TestSuite-&gt;run(Object(PHPUnit\Framework\TestResult))
  #69 C:\xampp\htdocs\CreacipeApp\vendor\phpunit\phpunit\src\Framework\TestSuite.php(685): PHPUnit\Framework\TestSuite-&gt;run(Object(PHPUnit\Framework\TestResult))
  #70 C:\xampp\htdocs\CreacipeApp\vendor\phpunit\phpunit\src\TextUI\TestRunner.php(651): PHPUnit\Framework\TestSuite-&gt;run(Object(PHPUnit\Framework\TestResult))
  #71 C:\xampp\htdocs\CreacipeApp\vendor\phpunit\phpunit\src\TextUI\Command.php(146): PHPUnit\TextUI\TestRunner-&gt;run(Object(PHPUnit\Framework\TestSuite), Array, Array, true)
  #72 C:\xampp\htdocs\CreacipeApp\vendor\phpunit\phpunit\src\TextUI\Command.php(99): PHPUnit\TextUI\Command-&gt;run(Array, true)
  #73 C:\xampp\htdocs\CreacipeApp\vendor\phpunit\phpunit\phpunit(107): PHPUnit\TextUI\Command::main()
  #74 {main}
  
  ----------------------------------------------------------------------------------
  
  foreach() argument must be of type array|object, null given

C:\xampp\htdocs\CreacipeApp\vendor\laravel\framework\src\Illuminate\Testing\TestResponse.php:123
C:\xampp\htdocs\CreacipeApp\tests\Feature\Controllers\SearchControllerTest.php:142</failure>
        </testcase>
      </testsuite>
      <testsuite name="Tests\Feature\Mail\AccountDetailsMailTest" file="C:\xampp\htdocs\CreacipeApp\tests\Feature\Mail\AccountDetailsMailTest.php" tests="2" assertions="9" errors="0" warnings="0" failures="0" skipped="0" time="0.073576">
        <testcase name="test_account_details_mail_is_built_correctly" class="Tests\Feature\Mail\AccountDetailsMailTest" classname="Tests.Feature.Mail.AccountDetailsMailTest" file="C:\xampp\htdocs\CreacipeApp\tests\Feature\Mail\AccountDetailsMailTest.php" line="15" assertions="8" time="0.030171"/>
        <testcase name="test_account_details_mail_is_sent" class="Tests\Feature\Mail\AccountDetailsMailTest" classname="Tests.Feature.Mail.AccountDetailsMailTest" file="C:\xampp\htdocs\CreacipeApp\tests\Feature\Mail\AccountDetailsMailTest.php" line="45" assertions="1" time="0.043405"/>
      </testsuite>
      <testsuite name="Tests\Feature\Mail\EditorAccountMailTest" file="C:\xampp\htdocs\CreacipeApp\tests\Feature\Mail\EditorAccountMailTest.php" tests="1" assertions="5" errors="0" warnings="0" failures="0" skipped="0" time="0.032032">
        <testcase name="test_editor_account_mail_builds_correctly" class="Tests\Feature\Mail\EditorAccountMailTest" classname="Tests.Feature.Mail.EditorAccountMailTest" file="C:\xampp\htdocs\CreacipeApp\tests\Feature\Mail\EditorAccountMailTest.php" line="15" assertions="5" time="0.032032"/>
      </testsuite>
      <testsuite name="Tests\Feature\Mail\PasswordUpdatedMailTest" file="C:\xampp\htdocs\CreacipeApp\tests\Feature\Mail\PasswordUpdatedMailTest.php" tests="1" assertions="5" errors="0" warnings="0" failures="0" skipped="0" time="0.031191">
        <testcase name="test_password_updated_mail_builds_correctly" class="Tests\Feature\Mail\PasswordUpdatedMailTest" classname="Tests.Feature.Mail.PasswordUpdatedMailTest" file="C:\xampp\htdocs\CreacipeApp\tests\Feature\Mail\PasswordUpdatedMailTest.php" line="14" assertions="5" time="0.031191"/>
      </testsuite>
      <testsuite name="Tests\Feature\Models\RecipeTest" file="C:\xampp\htdocs\CreacipeApp\tests\Feature\Models\RecipeTest.php" tests="3" assertions="5" errors="0" warnings="0" failures="0" skipped="0" time="0.164166">
        <testcase name="test_recipe_fillable_attributes" class="Tests\Feature\Models\RecipeTest" classname="Tests.Feature.Models.RecipeTest" file="C:\xampp\htdocs\CreacipeApp\tests\Feature\Models\RecipeTest.php" line="15" assertions="1" time="0.029773"/>
        <testcase name="test_recipe_belongs_to_user" class="Tests\Feature\Models\RecipeTest" classname="Tests.Feature.Models.RecipeTest" file="C:\xampp\htdocs\CreacipeApp\tests\Feature\Models\RecipeTest.php" line="37" assertions="2" time="0.062886"/>
        <testcase name="test_recipe_belongs_to_status_recipe" class="Tests\Feature\Models\RecipeTest" classname="Tests.Feature.Models.RecipeTest" file="C:\xampp\htdocs\CreacipeApp\tests\Feature\Models\RecipeTest.php" line="49" assertions="2" time="0.071507"/>
      </testsuite>
      <testsuite name="Tests\Feature\Models\RoleTest" file="C:\xampp\htdocs\CreacipeApp\tests\Feature\Models\RoleTest.php" tests="2" assertions="5" errors="0" warnings="0" failures="0" skipped="0" time="0.124061">
        <testcase name="test_role_fillable_attributes" class="Tests\Feature\Models\RoleTest" classname="Tests.Feature.Models.RoleTest" file="C:\xampp\htdocs\CreacipeApp\tests\Feature\Models\RoleTest.php" line="14" assertions="1" time="0.035508"/>
        <testcase name="test_role_has_many_users" class="Tests\Feature\Models\RoleTest" classname="Tests.Feature.Models.RoleTest" file="C:\xampp\htdocs\CreacipeApp\tests\Feature\Models\RoleTest.php" line="26" assertions="4" time="0.088553"/>
      </testsuite>
      <testsuite name="Tests\Feature\Models\StatusRecipeTest" file="C:\xampp\htdocs\CreacipeApp\tests\Feature\Models\StatusRecipeTest.php" tests="2" assertions="5" errors="0" warnings="0" failures="0" skipped="0" time="0.131984">
        <testcase name="test_status_recipe_fillable_attributes" class="Tests\Feature\Models\StatusRecipeTest" classname="Tests.Feature.Models.StatusRecipeTest" file="C:\xampp\htdocs\CreacipeApp\tests\Feature\Models\StatusRecipeTest.php" line="14" assertions="1" time="0.029646"/>
        <testcase name="test_status_recipe_has_many_recipes" class="Tests\Feature\Models\StatusRecipeTest" classname="Tests.Feature.Models.StatusRecipeTest" file="C:\xampp\htdocs\CreacipeApp\tests\Feature\Models\StatusRecipeTest.php" line="25" assertions="4" time="0.102338"/>
      </testsuite>
      <testsuite name="Tests\Feature\Models\StatusTest" file="C:\xampp\htdocs\CreacipeApp\tests\Feature\Models\StatusTest.php" tests="2" assertions="5" errors="0" warnings="0" failures="0" skipped="0" time="0.120743">
        <testcase name="test_status_fillable_attributes" class="Tests\Feature\Models\StatusTest" classname="Tests.Feature.Models.StatusTest" file="C:\xampp\htdocs\CreacipeApp\tests\Feature\Models\StatusTest.php" line="14" assertions="1" time="0.038344"/>
        <testcase name="test_status_has_many_users" class="Tests\Feature\Models\StatusTest" classname="Tests.Feature.Models.StatusTest" file="C:\xampp\htdocs\CreacipeApp\tests\Feature\Models\StatusTest.php" line="25" assertions="4" time="0.082399"/>
      </testsuite>
      <testsuite name="Tests\Feature\Models\UserTest" file="C:\xampp\htdocs\CreacipeApp\tests\Feature\Models\UserTest.php" tests="3" assertions="5" errors="0" warnings="0" failures="0" skipped="0" time="0.194763">
        <testcase name="test_user_fillable_attributes" class="Tests\Feature\Models\UserTest" classname="Tests.Feature.Models.UserTest" file="C:\xampp\htdocs\CreacipeApp\tests\Feature\Models\UserTest.php" line="15" assertions="1" time="0.050904"/>
        <testcase name="test_user_belongs_to_role" class="Tests\Feature\Models\UserTest" classname="Tests.Feature.Models.UserTest" file="C:\xampp\htdocs\CreacipeApp\tests\Feature\Models\UserTest.php" line="33" assertions="2" time="0.066737"/>
        <testcase name="test_user_belongs_to_status" class="Tests\Feature\Models\UserTest" classname="Tests.Feature.Models.UserTest" file="C:\xampp\htdocs\CreacipeApp\tests\Feature\Models\UserTest.php" line="45" assertions="2" time="0.077122"/>
      </testsuite>
    </testsuite>
  </testsuite>
</testsuites>
